This file contains any messages produced by compilers while
running configure, to aid debugging if configure makes a mistake.

It was created by Xenomai configure 3.2.2, which was
generated by GNU Autoconf 2.71.  Invocation command line was

  $ ./configure --target=aarch64-buildroot-linux-gnu --host=aarch64-buildroot-linux-gnu --build=x86_64-pc-linux-gnu --prefix=/usr --exec-prefix=/usr --sysconfdir=/etc --localstatedir=/var --program-prefix= --disable-gtk-doc --disable-gtk-doc-html --disable-doc --disable-docs --disable-documentation --with-xmlto=no --with-fop=no --disable-dependency-tracking --enable-ipv6 --disable-nls --disable-static --enable-shared --disable-demo --disable-testsuite --includedir=/usr/include/xenomai/ --with-core=mercury --enable-smp --disable-registry

## --------- ##
## Platform. ##
## --------- ##

hostname = czz
uname -m = x86_64
uname -r = 5.19.0-35-generic
uname -s = Linux
uname -v = #36~22.04.1-Ubuntu SMP PREEMPT_DYNAMIC Fri Feb 17 15:17:25 UTC 2

/usr/bin/uname -p = x86_64
/bin/uname -X     = unknown

/bin/arch              = x86_64
/usr/bin/arch -k       = unknown
/usr/convex/getsysinfo = unknown
/usr/bin/hostinfo      = unknown
/bin/machine           = unknown
/usr/bin/oslevel       = unknown
/bin/universe          = unknown

PATH: /home/czz/work/rk3588/buildroot/output/rockchip_rk3588/host/bin/
PATH: /home/czz/work/rk3588/buildroot/output/rockchip_rk3588/host/sbin/
PATH: /usr/local/sbin/
PATH: /usr/local/bin/
PATH: /usr/sbin/
PATH: /usr/bin/
PATH: /sbin/
PATH: /bin/
PATH: /snap/bin/


## ----------- ##
## Core tests. ##
## ----------- ##

configure:2663: looking for aux files: ltmain.sh missing compile install-sh config.guess config.sub
configure:2676:  trying ./config/
configure:2705:   ./config/ltmain.sh found
configure:2705:   ./config/missing found
configure:2705:   ./config/compile found
configure:2687:   ./config/install-sh found
configure:2705:   ./config/config.guess found
configure:2705:   ./config/config.sub found
configure:2837: checking whether we build for Cobalt or Mercury core
configure:2857: result: mercury
configure:2901: checking build system type
configure:2916: result: x86_64-pc-linux-gnu
configure:2936: checking host system type
configure:2950: result: aarch64-buildroot-linux-gnu
configure:2985: checking for a BSD-compatible install
configure:3058: result: /usr/bin/install -c
configure:3101: checking for aarch64-buildroot-linux-gnu-gcc
configure:3133: result: /home/czz/work/rk3588/buildroot/output/rockchip_rk3588/host/bin/aarch64-buildroot-linux-gnu-gcc
configure:3531: checking for C compiler version
configure:3540: /home/czz/work/rk3588/buildroot/output/rockchip_rk3588/host/bin/aarch64-buildroot-linux-gnu-gcc --version >&5
aarch64-buildroot-linux-gnu-gcc.br_real (Buildroot -ga593250832) 11.3.0
Copyright (C) 2021 Free Software Foundation, Inc.
This is free software; see the source for copying conditions.  There is NO
warranty; not even for MERCHANTABILITY or FITNESS FOR A PARTICULAR PURPOSE.

configure:3551: $? = 0
configure:3540: /home/czz/work/rk3588/buildroot/output/rockchip_rk3588/host/bin/aarch64-buildroot-linux-gnu-gcc -v >&5
Using built-in specs.
COLLECT_GCC=/home/czz/work/rk3588/buildroot/output/rockchip_rk3588/host/bin/aarch64-buildroot-linux-gnu-gcc.br_real
COLLECT_LTO_WRAPPER=/home/czz/work/rk3588/buildroot/output/rockchip_rk3588/host/libexec/gcc/aarch64-buildroot-linux-gnu/11.3.0/lto-wrapper
Target: aarch64-buildroot-linux-gnu
Configured with: ./configure --prefix=/home/czz/work/rk3588/buildroot/output/rockchip_rk3588/host --sysconfdir=/home/czz/work/rk3588/buildroot/output/rockchip_rk3588/host/etc --enable-static --target=aarch64-buildroot-linux-gnu --with-sysroot=/home/czz/work/rk3588/buildroot/output/rockchip_rk3588/host/aarch64-buildroot-linux-gnu/sysroot --enable-__cxa_atexit --with-gnu-ld --disable-libssp --disable-multilib --disable-decimal-float --enable-plugins --enable-lto --with-gmp=/home/czz/work/rk3588/buildroot/output/rockchip_rk3588/host --with-mpc=/home/czz/work/rk3588/buildroot/output/rockchip_rk3588/host --with-mpfr=/home/czz/work/rk3588/buildroot/output/rockchip_rk3588/host --with-pkgversion='Buildroot -ga593250832' --with-bugurl=http://bugs.buildroot.net/ --without-zstd --disable-libquadmath --disable-libquadmath-support --enable-tls --enable-threads --without-isl --without-cloog --with-abi=lp64 --with-cpu=cortex-a76.cortex-a55 --enable-languages=c,c++ --with-build-time-tools=/home/czz/work/rk3588/buildroot/output/rockchip_rk3588/host/aarch64-buildroot-linux-gnu/bin --enable-shared --disable-libgomp
Thread model: posix
Supported LTO compression algorithms: zlib
gcc version 11.3.0 (Buildroot -ga593250832) 
COMPILER_PATH=/home/czz/work/rk3588/buildroot/output/rockchip_rk3588/host/libexec/gcc/aarch64-buildroot-linux-gnu/11.3.0/:/home/czz/work/rk3588/buildroot/output/rockchip_rk3588/host/libexec/gcc/aarch64-buildroot-linux-gnu/11.3.0/:/home/czz/work/rk3588/buildroot/output/rockchip_rk3588/host/libexec/gcc/aarch64-buildroot-linux-gnu/:/home/czz/work/rk3588/buildroot/output/rockchip_rk3588/host/lib/gcc/aarch64-buildroot-linux-gnu/11.3.0/:/home/czz/work/rk3588/buildroot/output/rockchip_rk3588/host/lib/gcc/aarch64-buildroot-linux-gnu/:/home/czz/work/rk3588/buildroot/output/rockchip_rk3588/host/lib/gcc/aarch64-buildroot-linux-gnu/11.3.0/../../../../aarch64-buildroot-linux-gnu/bin/
LIBRARY_PATH=/home/czz/work/rk3588/buildroot/output/rockchip_rk3588/host/lib/gcc/aarch64-buildroot-linux-gnu/11.3.0/:/home/czz/work/rk3588/buildroot/output/rockchip_rk3588/host/lib/gcc/aarch64-buildroot-linux-gnu/11.3.0/../../../../aarch64-buildroot-linux-gnu/lib/../lib64/:/home/czz/work/rk3588/buildroot/output/rockchip_rk3588/host/aarch64-buildroot-linux-gnu/sysroot/lib/../lib64/:/home/czz/work/rk3588/buildroot/output/rockchip_rk3588/host/aarch64-buildroot-linux-gnu/sysroot/usr/lib/../lib64/:/home/czz/work/rk3588/buildroot/output/rockchip_rk3588/host/lib/gcc/aarch64-buildroot-linux-gnu/11.3.0/../../../../aarch64-buildroot-linux-gnu/lib/:/home/czz/work/rk3588/buildroot/output/rockchip_rk3588/host/aarch64-buildroot-linux-gnu/sysroot/lib/:/home/czz/work/rk3588/buildroot/output/rockchip_rk3588/host/aarch64-buildroot-linux-gnu/sysroot/usr/lib/
... rest of stderr output deleted ...
configure:3551: $? = 1
configure:3540: /home/czz/work/rk3588/buildroot/output/rockchip_rk3588/host/bin/aarch64-buildroot-linux-gnu-gcc -V >&5
aarch64-buildroot-linux-gnu-gcc.br_real: error: unrecognized command-line option '-V'
configure:3551: $? = 1
configure:3540: /home/czz/work/rk3588/buildroot/output/rockchip_rk3588/host/bin/aarch64-buildroot-linux-gnu-gcc -qversion >&5
aarch64-buildroot-linux-gnu-gcc.br_real: error: unrecognized command-line option '-qversion'; did you mean '--version'?
configure:3551: $? = 1
configure:3540: /home/czz/work/rk3588/buildroot/output/rockchip_rk3588/host/bin/aarch64-buildroot-linux-gnu-gcc -version >&5
aarch64-buildroot-linux-gnu-gcc.br_real: error: unrecognized command-line option '-version'
configure:3551: $? = 1
configure:3571: checking whether the C compiler works
configure:3593: /home/czz/work/rk3588/buildroot/output/rockchip_rk3588/host/bin/aarch64-buildroot-linux-gnu-gcc -D_LARGEFILE_SOURCE -D_LARGEFILE64_SOURCE -D_FILE_OFFSET_BITS=64  -Os -g0 -D_FORTIFY_SOURCE=1 -D_LARGEFILE_SOURCE -D_LARGEFILE64_SOURCE -D_FILE_OFFSET_BITS=64  conftest.c  >&5
configure:3597: $? = 0
configure:3647: result: yes
configure:3650: checking for C compiler default output file name
configure:3652: result: a.out
configure:3658: checking for suffix of executables
configure:3665: /home/czz/work/rk3588/buildroot/output/rockchip_rk3588/host/bin/aarch64-buildroot-linux-gnu-gcc -o conftest -D_LARGEFILE_SOURCE -D_LARGEFILE64_SOURCE -D_FILE_OFFSET_BITS=64  -Os -g0 -D_FORTIFY_SOURCE=1 -D_LARGEFILE_SOURCE -D_LARGEFILE64_SOURCE -D_FILE_OFFSET_BITS=64  conftest.c  >&5
configure:3669: $? = 0
configure:3692: result: 
configure:3714: checking whether we are cross compiling
configure:3752: result: yes
configure:3757: checking for suffix of object files
configure:3780: /home/czz/work/rk3588/buildroot/output/rockchip_rk3588/host/bin/aarch64-buildroot-linux-gnu-gcc -c -D_LARGEFILE_SOURCE -D_LARGEFILE64_SOURCE -D_FILE_OFFSET_BITS=64  -Os -g0 -D_FORTIFY_SOURCE=1 -D_LARGEFILE_SOURCE -D_LARGEFILE64_SOURCE -D_FILE_OFFSET_BITS=64 conftest.c >&5
configure:3784: $? = 0
configure:3806: result: o
configure:3810: checking whether the compiler supports GNU C
configure:3830: /home/czz/work/rk3588/buildroot/output/rockchip_rk3588/host/bin/aarch64-buildroot-linux-gnu-gcc -c -D_LARGEFILE_SOURCE -D_LARGEFILE64_SOURCE -D_FILE_OFFSET_BITS=64  -Os -g0 -D_FORTIFY_SOURCE=1 -D_LARGEFILE_SOURCE -D_LARGEFILE64_SOURCE -D_FILE_OFFSET_BITS=64 conftest.c >&5
configure:3830: $? = 0
configure:3840: result: yes
configure:3851: checking whether /home/czz/work/rk3588/buildroot/output/rockchip_rk3588/host/bin/aarch64-buildroot-linux-gnu-gcc accepts -g
configure:3872: /home/czz/work/rk3588/buildroot/output/rockchip_rk3588/host/bin/aarch64-buildroot-linux-gnu-gcc -c -g -D_LARGEFILE_SOURCE -D_LARGEFILE64_SOURCE -D_FILE_OFFSET_BITS=64 conftest.c >&5
configure:3872: $? = 0
configure:3916: result: yes
configure:3936: checking for /home/czz/work/rk3588/buildroot/output/rockchip_rk3588/host/bin/aarch64-buildroot-linux-gnu-gcc option to enable C11 features
configure:3951: /home/czz/work/rk3588/buildroot/output/rockchip_rk3588/host/bin/aarch64-buildroot-linux-gnu-gcc  -c -D_LARGEFILE_SOURCE -D_LARGEFILE64_SOURCE -D_FILE_OFFSET_BITS=64  -Os -g0 -D_FORTIFY_SOURCE=1 -D_LARGEFILE_SOURCE -D_LARGEFILE64_SOURCE -D_FILE_OFFSET_BITS=64 conftest.c >&5
configure:3951: $? = 0
configure:3969: result: none needed
configure:4089: checking whether /home/czz/work/rk3588/buildroot/output/rockchip_rk3588/host/bin/aarch64-buildroot-linux-gnu-gcc understands -c and -o together
configure:4112: /home/czz/work/rk3588/buildroot/output/rockchip_rk3588/host/bin/aarch64-buildroot-linux-gnu-gcc -c conftest.c -o conftest2.o
configure:4115: $? = 0
configure:4112: /home/czz/work/rk3588/buildroot/output/rockchip_rk3588/host/bin/aarch64-buildroot-linux-gnu-gcc -c conftest.c -o conftest2.o
configure:4115: $? = 0
configure:4127: result: yes
configure:4155: checking how to run the C preprocessor
configure:4223: result: /home/czz/work/rk3588/buildroot/output/rockchip_rk3588/host/bin/aarch64-buildroot-linux-gnu-cpp
configure:4237: /home/czz/work/rk3588/buildroot/output/rockchip_rk3588/host/bin/aarch64-buildroot-linux-gnu-cpp -D_LARGEFILE_SOURCE -D_LARGEFILE64_SOURCE -D_FILE_OFFSET_BITS=64 conftest.c
configure:4237: $? = 0
configure:4252: /home/czz/work/rk3588/buildroot/output/rockchip_rk3588/host/bin/aarch64-buildroot-linux-gnu-cpp -D_LARGEFILE_SOURCE -D_LARGEFILE64_SOURCE -D_FILE_OFFSET_BITS=64 conftest.c
conftest.c:10:10: fatal error: ac_nonexistent.h: No such file or directory
   10 | #include <ac_nonexistent.h>
      |          ^~~~~~~~~~~~~~~~~~
compilation terminated.
configure:4252: $? = 1
configure: failed program was:
| /* confdefs.h */
| #define PACKAGE_NAME "Xenomai"
| #define PACKAGE_TARNAME "xenomai"
| #define PACKAGE_VERSION "3.2.2"
| #define PACKAGE_STRING "Xenomai 3.2.2"
| #define PACKAGE_BUGREPORT "xenomai@xenomai.org"
| #define PACKAGE_URL ""
| #define CONFIG_XENO_MERCURY 1
| /* end confdefs.h.  */
| #include <ac_nonexistent.h>
configure:4283: checking target system type
configure:4297: result: aarch64-buildroot-linux-gnu
configure:4335: checking for aarch64-buildroot-linux-gnu-gcc
configure:4367: result: /home/czz/work/rk3588/buildroot/output/rockchip_rk3588/host/bin/ccache /usr/bin/gcc
configure:4765: checking for C compiler version
configure:4774: /home/czz/work/rk3588/buildroot/output/rockchip_rk3588/host/bin/ccache /usr/bin/gcc --version >&5
gcc (Ubuntu 11.3.0-1ubuntu1~22.04) 11.3.0
Copyright (C) 2021 Free Software Foundation, Inc.
This is free software; see the source for copying conditions.  There is NO
warranty; not even for MERCHANTABILITY or FITNESS FOR A PARTICULAR PURPOSE.

configure:4785: $? = 0
configure:4774: /home/czz/work/rk3588/buildroot/output/rockchip_rk3588/host/bin/ccache /usr/bin/gcc -v >&5
Using built-in specs.
COLLECT_GCC=/usr/bin/gcc
COLLECT_LTO_WRAPPER=/usr/lib/gcc/x86_64-linux-gnu/11/lto-wrapper
OFFLOAD_TARGET_NAMES=nvptx-none:amdgcn-amdhsa
OFFLOAD_TARGET_DEFAULT=1
Target: x86_64-linux-gnu
Configured with: ../src/configure -v --with-pkgversion='Ubuntu 11.3.0-1ubuntu1~22.04' --with-bugurl=file:///usr/share/doc/gcc-11/README.Bugs --enable-languages=c,ada,c++,go,brig,d,fortran,objc,obj-c++,m2 --prefix=/usr --with-gcc-major-version-only --program-suffix=-11 --program-prefix=x86_64-linux-gnu- --enable-shared --enable-linker-build-id --libexecdir=/usr/lib --without-included-gettext --enable-threads=posix --libdir=/usr/lib --enable-nls --enable-bootstrap --enable-clocale=gnu --enable-libstdcxx-debug --enable-libstdcxx-time=yes --with-default-libstdcxx-abi=new --enable-gnu-unique-object --disable-vtable-verify --enable-plugin --enable-default-pie --with-system-zlib --enable-libphobos-checking=release --with-target-system-zlib=auto --enable-objc-gc=auto --enable-multiarch --disable-werror --enable-cet --with-arch-32=i686 --with-abi=m64 --with-multilib-list=m32,m64,mx32 --enable-multilib --with-tune=generic --enable-offload-targets=nvptx-none=/build/gcc-11-xKiWfi/gcc-11-11.3.0/debian/tmp-nvptx/usr,amdgcn-amdhsa=/build/gcc-11-xKiWfi/gcc-11-11.3.0/debian/tmp-gcn/usr --without-cuda-driver --enable-checking=release --build=x86_64-linux-gnu --host=x86_64-linux-gnu --target=x86_64-linux-gnu --with-build-config=bootstrap-lto-lean --enable-link-serialization=2
Thread model: posix
Supported LTO compression algorithms: zlib zstd
gcc version 11.3.0 (Ubuntu 11.3.0-1ubuntu1~22.04) 
... rest of stderr output deleted ...
configure:4785: $? = 0
configure:4774: /home/czz/work/rk3588/buildroot/output/rockchip_rk3588/host/bin/ccache /usr/bin/gcc -V >&5
gcc: error: unrecognized command-line option '-V'
gcc: fatal error: no input files
compilation terminated.
configure:4785: $? = 1
configure:4774: /home/czz/work/rk3588/buildroot/output/rockchip_rk3588/host/bin/ccache /usr/bin/gcc -qversion >&5
gcc: error: unrecognized command-line option '-qversion'; did you mean '--version'?
gcc: fatal error: no input files
compilation terminated.
configure:4785: $? = 1
configure:4774: /home/czz/work/rk3588/buildroot/output/rockchip_rk3588/host/bin/ccache /usr/bin/gcc -version >&5
gcc: error: unrecognized command-line option '-version'
gcc: fatal error: no input files
compilation terminated.
configure:4785: $? = 1
configure:4789: checking whether the compiler supports GNU C
configure:4819: result: yes
configure:4830: checking whether /home/czz/work/rk3588/buildroot/output/rockchip_rk3588/host/bin/ccache /usr/bin/gcc accepts -g
configure:4851: /home/czz/work/rk3588/buildroot/output/rockchip_rk3588/host/bin/aarch64-buildroot-linux-gnu-gcc -c -D_LARGEFILE_SOURCE -D_LARGEFILE64_SOURCE -D_FILE_OFFSET_BITS=64  -Os -g0 -D_FORTIFY_SOURCE=1 -D_LARGEFILE_SOURCE -D_LARGEFILE64_SOURCE -D_FILE_OFFSET_BITS=64 conftest.c >&5
configure:4851: $? = 0
configure:4895: result: yes
configure:4915: checking for /home/czz/work/rk3588/buildroot/output/rockchip_rk3588/host/bin/ccache /usr/bin/gcc option to enable C11 features
configure:4948: result: none needed
configure:5064: checking whether /home/czz/work/rk3588/buildroot/output/rockchip_rk3588/host/bin/ccache /usr/bin/gcc understands -c and -o together
configure:5102: result: yes
configure:5124: checking how to run the C preprocessor
configure:5150: /home/czz/work/rk3588/buildroot/output/rockchip_rk3588/host/bin/aarch64-buildroot-linux-gnu-cpp -D_LARGEFILE_SOURCE -D_LARGEFILE64_SOURCE -D_FILE_OFFSET_BITS=64 conftest.c
configure:5150: $? = 0
configure:5165: /home/czz/work/rk3588/buildroot/output/rockchip_rk3588/host/bin/aarch64-buildroot-linux-gnu-cpp -D_LARGEFILE_SOURCE -D_LARGEFILE64_SOURCE -D_FILE_OFFSET_BITS=64 conftest.c
conftest.c:10:10: fatal error: ac_nonexistent.h: No such file or directory
   10 | #include <ac_nonexistent.h>
      |          ^~~~~~~~~~~~~~~~~~
compilation terminated.
configure:5165: $? = 1
configure: failed program was:
| /* confdefs.h */
| #define PACKAGE_NAME "Xenomai"
| #define PACKAGE_TARNAME "xenomai"
| #define PACKAGE_VERSION "3.2.2"
| #define PACKAGE_STRING "Xenomai 3.2.2"
| #define PACKAGE_BUGREPORT "xenomai@xenomai.org"
| #define PACKAGE_URL ""
| #define CONFIG_XENO_MERCURY 1
| /* end confdefs.h.  */
| #include <ac_nonexistent.h>
configure:5192: result: /home/czz/work/rk3588/buildroot/output/rockchip_rk3588/host/bin/ccache /usr/bin/gcc -E
configure:5206: /home/czz/work/rk3588/buildroot/output/rockchip_rk3588/host/bin/aarch64-buildroot-linux-gnu-cpp -D_LARGEFILE_SOURCE -D_LARGEFILE64_SOURCE -D_FILE_OFFSET_BITS=64 conftest.c
configure:5206: $? = 0
configure:5221: /home/czz/work/rk3588/buildroot/output/rockchip_rk3588/host/bin/aarch64-buildroot-linux-gnu-cpp -D_LARGEFILE_SOURCE -D_LARGEFILE64_SOURCE -D_FILE_OFFSET_BITS=64 conftest.c
conftest.c:10:10: fatal error: ac_nonexistent.h: No such file or directory
   10 | #include <ac_nonexistent.h>
      |          ^~~~~~~~~~~~~~~~~~
compilation terminated.
configure:5221: $? = 1
configure: failed program was:
| /* confdefs.h */
| #define PACKAGE_NAME "Xenomai"
| #define PACKAGE_TARNAME "xenomai"
| #define PACKAGE_VERSION "3.2.2"
| #define PACKAGE_STRING "Xenomai 3.2.2"
| #define PACKAGE_BUGREPORT "xenomai@xenomai.org"
| #define PACKAGE_URL ""
| #define CONFIG_XENO_MERCURY 1
| /* end confdefs.h.  */
| #include <ac_nonexistent.h>
configure:5257: checking for grep that handles long lines and -e
configure:5321: result: /usr/bin/grep
configure:5326: checking for BSD- or MS-compatible name lister (nm)
configure:5381: result: /home/czz/work/rk3588/buildroot/output/rockchip_rk3588/host/bin/aarch64-buildroot-linux-gnu-nm
configure:5521: checking the name lister (/home/czz/work/rk3588/buildroot/output/rockchip_rk3588/host/bin/aarch64-buildroot-linux-gnu-nm) interface
configure:5529: /home/czz/work/rk3588/buildroot/output/rockchip_rk3588/host/bin/aarch64-buildroot-linux-gnu-gcc -c -D_LARGEFILE_SOURCE -D_LARGEFILE64_SOURCE -D_FILE_OFFSET_BITS=64  -Os -g0 -D_FORTIFY_SOURCE=1 -D_LARGEFILE_SOURCE -D_LARGEFILE64_SOURCE -D_FILE_OFFSET_BITS=64 conftest.c >&5
configure:5532: /home/czz/work/rk3588/buildroot/output/rockchip_rk3588/host/bin/aarch64-buildroot-linux-gnu-nm "conftest.o"
configure:5535: output
0000000000000000 B some_variable
configure:5542: result: BSD nm
configure:5551: checking for gawk
configure:5572: found /home/czz/work/rk3588/buildroot/output/rockchip_rk3588/host/bin/gawk
configure:5583: result: gawk
configure:5594: checking for a sed that does not truncate output
configure:5664: result: /usr/bin/sed
configure:5682: checking for egrep
configure:5750: result: /usr/bin/grep -E
configure:5755: checking for fgrep
configure:5823: result: /usr/bin/grep -F
configure:5850: checking how to print strings
configure:5877: result: printf
configure:5911: checking for ld used by /home/czz/work/rk3588/buildroot/output/rockchip_rk3588/host/bin/aarch64-buildroot-linux-gnu-gcc
configure:5979: result: /home/czz/work/rk3588/buildroot/output/rockchip_rk3588/host/bin/aarch64-buildroot-linux-gnu-ld
configure:5986: checking if the linker (/home/czz/work/rk3588/buildroot/output/rockchip_rk3588/host/bin/aarch64-buildroot-linux-gnu-ld) is GNU ld
configure:6002: result: yes
configure:6043: checking command to parse /home/czz/work/rk3588/buildroot/output/rockchip_rk3588/host/bin/aarch64-buildroot-linux-gnu-nm output from /home/czz/work/rk3588/buildroot/output/rockchip_rk3588/host/bin/aarch64-buildroot-linux-gnu-gcc object
configure:6197: /home/czz/work/rk3588/buildroot/output/rockchip_rk3588/host/bin/aarch64-buildroot-linux-gnu-gcc -c -D_LARGEFILE_SOURCE -D_LARGEFILE64_SOURCE -D_FILE_OFFSET_BITS=64  -Os -g0 -D_FORTIFY_SOURCE=1 -D_LARGEFILE_SOURCE -D_LARGEFILE64_SOURCE -D_FILE_OFFSET_BITS=64 conftest.c >&5
configure:6200: $? = 0
configure:6204: /home/czz/work/rk3588/buildroot/output/rockchip_rk3588/host/bin/aarch64-buildroot-linux-gnu-nm conftest.o \| sed -n -e 's/^.*[ ]\([ABCDGIRSTW][ABCDGIRSTW]*\)[ ][ ]*\([_A-Za-z][_A-Za-z0-9]*\)$/\1 \2 \2/p' | sed '/ __gnu_lto/d' \> conftest.nm
configure:6207: $? = 0
configure:6273: /home/czz/work/rk3588/buildroot/output/rockchip_rk3588/host/bin/aarch64-buildroot-linux-gnu-gcc -o conftest -D_LARGEFILE_SOURCE -D_LARGEFILE64_SOURCE -D_FILE_OFFSET_BITS=64  -Os -g0 -D_FORTIFY_SOURCE=1 -D_LARGEFILE_SOURCE -D_LARGEFILE64_SOURCE -D_FILE_OFFSET_BITS=64  conftest.c conftstm.o >&5
configure:6276: $? = 0
configure:6314: result: ok
configure:6361: checking for _ prefix in compiled symbols
configure:6372: /home/czz/work/rk3588/buildroot/output/rockchip_rk3588/host/bin/aarch64-buildroot-linux-gnu-gcc -c -D_LARGEFILE_SOURCE -D_LARGEFILE64_SOURCE -D_FILE_OFFSET_BITS=64  -Os -g0 -D_FORTIFY_SOURCE=1 -D_LARGEFILE_SOURCE -D_LARGEFILE64_SOURCE -D_FILE_OFFSET_BITS=64 conftest.c >&5
configure:6375: $? = 0
configure:6379: /home/czz/work/rk3588/buildroot/output/rockchip_rk3588/host/bin/aarch64-buildroot-linux-gnu-nm conftest.o \| sed -n -e 's/^.*[	 ]\([ABCDGIRSTW][ABCDGIRSTW]*\)[	 ][	 ]*\([_A-Za-z][_A-Za-z0-9]*\)$/\1 \2 \2/p' | sed '/ __gnu_lto/d' \> conftest.nm
configure:6382: $? = 0
configure:6404: result: no
configure:6429: checking whether build environment is sane
configure:6484: result: yes
configure:6536: checking for aarch64-buildroot-linux-gnu-strip
configure:6568: result: /home/czz/work/rk3588/buildroot/output/rockchip_rk3588/host/bin/aarch64-buildroot-linux-gnu-strip
configure:6639: checking for a race-free mkdir -p
configure:6683: result: /usr/bin/mkdir -p
configure:6686: checking whether make sets $(MAKE)
configure:6709: result: yes
configure:6731: checking whether make supports the include directive
configure:6746: make -f confmf.GNU && cat confinc.out
make[1]: Entering directory '/home/czz/work/rk3588/buildroot/output/rockchip_rk3588/build/xenomai-v3.2.2'
make[1]: Leaving directory '/home/czz/work/rk3588/buildroot/output/rockchip_rk3588/build/xenomai-v3.2.2'
this is the am__doit target
configure:6749: $? = 0
configure:6768: result: yes (GNU style)
configure:6803: checking whether make supports nested variables
configure:6821: result: yes
configure:6906: checking whether UID '0' is supported by ustar format
configure:6909: result: yes
configure:6916: checking whether GID '0' is supported by ustar format
configure:6919: result: yes
configure:6927: checking how to create a ustar tar archive
configure:6938: tar --version
tar (GNU tar) 1.34
Copyright (C) 2021 Free Software Foundation, Inc.
License GPLv3+: GNU GPL version 3 or later <https://gnu.org/licenses/gpl.html>.
This is free software: you are free to change and redistribute it.
There is NO WARRANTY, to the extent permitted by law.

Written by John Gilmore and Jay Fenlason.
configure:6941: $? = 0
configure:6981: tardir=conftest.dir && eval tar --format=ustar -chf - "$tardir" >conftest.tar
configure:6984: $? = 0
configure:6988: tar -xf - <conftest.tar
configure:6991: $? = 0
configure:6993: cat conftest.dir/file
GrepMe
configure:6996: $? = 0
configure:7010: result: gnutar
configure:7019: checking dependency style of /home/czz/work/rk3588/buildroot/output/rockchip_rk3588/host/bin/aarch64-buildroot-linux-gnu-gcc
configure:7131: result: none
configure:7215: checking whether make supports nested variables
configure:7233: result: yes
configure:7245: checking whether to enable maintainer-specific portions of Makefiles
configure:7255: result: no
configure:7277: checking dependency style of /home/czz/work/rk3588/buildroot/output/rockchip_rk3588/host/bin/aarch64-buildroot-linux-gnu-gcc
configure:7387: result: none
configure:7407: checking for flex
configure:7428: found /home/czz/work/rk3588/buildroot/output/rockchip_rk3588/host/bin/flex
configure:7439: result: flex
configure:7488: checking for lex output file root
configure:7501: flex conftest.l
configure:7505: $? = 0
configure:7513: result: lex.yy
configure:7528: checking for lex library
configure:7553: /home/czz/work/rk3588/buildroot/output/rockchip_rk3588/host/bin/aarch64-buildroot-linux-gnu-gcc -o conftest -D_LARGEFILE_SOURCE -D_LARGEFILE64_SOURCE -D_FILE_OFFSET_BITS=64  -Os -g0 -D_FORTIFY_SOURCE=1 -D_LARGEFILE_SOURCE -D_LARGEFILE64_SOURCE -D_FILE_OFFSET_BITS=64  conftest.c  >&5
configure:7553: $? = 0
configure:7566: result: none needed
configure:7581: checking for library containing yywrap
configure:7611: /home/czz/work/rk3588/buildroot/output/rockchip_rk3588/host/bin/aarch64-buildroot-linux-gnu-gcc -o conftest -D_LARGEFILE_SOURCE -D_LARGEFILE64_SOURCE -D_FILE_OFFSET_BITS=64  -Os -g0 -D_FORTIFY_SOURCE=1 -D_LARGEFILE_SOURCE -D_LARGEFILE64_SOURCE -D_FILE_OFFSET_BITS=64  conftest.c  >&5
/home/czz/work/rk3588/buildroot/output/rockchip_rk3588/host/lib/gcc/aarch64-buildroot-linux-gnu/11.3.0/../../../../aarch64-buildroot-linux-gnu/bin/ld: /tmp/ccJValxy.o: in function `main':
conftest.c:(.text.startup+0x8): undefined reference to `yywrap'
collect2: error: ld returned 1 exit status
configure:7611: $? = 1
configure: failed program was:
| /* confdefs.h */
| #define PACKAGE_NAME "Xenomai"
| #define PACKAGE_TARNAME "xenomai"
| #define PACKAGE_VERSION "3.2.2"
| #define PACKAGE_STRING "Xenomai 3.2.2"
| #define PACKAGE_BUGREPORT "xenomai@xenomai.org"
| #define PACKAGE_URL ""
| #define CONFIG_XENO_MERCURY 1
| #define CONFIG_XENO_BUILD_STRING "x86_64-pc-linux-gnu"
| #define CONFIG_XENO_HOST_STRING "aarch64-buildroot-linux-gnu"
| #define CONFIG_XENO_COMPILER "collect2: error: ld returned 1 exit status"
| #define PACKAGE "xenomai"
| #define VERSION "3.2.2"
| /* end confdefs.h.  */
| 
| /* Override any GCC internal prototype to avoid an error.
|    Use char because int might match the return type of a GCC
|    builtin and then its argument prototype would still apply.  */
| char yywrap ();
| int
| main (void)
| {
| return yywrap ();
|   ;
|   return 0;
| }
configure:7611: /home/czz/work/rk3588/buildroot/output/rockchip_rk3588/host/bin/aarch64-buildroot-linux-gnu-gcc -o conftest -D_LARGEFILE_SOURCE -D_LARGEFILE64_SOURCE -D_FILE_OFFSET_BITS=64  -Os -g0 -D_FORTIFY_SOURCE=1 -D_LARGEFILE_SOURCE -D_LARGEFILE64_SOURCE -D_FILE_OFFSET_BITS=64  conftest.c -lfl   >&5
/home/czz/work/rk3588/buildroot/output/rockchip_rk3588/host/lib/gcc/aarch64-buildroot-linux-gnu/11.3.0/../../../../aarch64-buildroot-linux-gnu/bin/ld: cannot find -lfl: No such file or directory
collect2: error: ld returned 1 exit status
configure:7611: $? = 1
configure: failed program was:
| /* confdefs.h */
| #define PACKAGE_NAME "Xenomai"
| #define PACKAGE_TARNAME "xenomai"
| #define PACKAGE_VERSION "3.2.2"
| #define PACKAGE_STRING "Xenomai 3.2.2"
| #define PACKAGE_BUGREPORT "xenomai@xenomai.org"
| #define PACKAGE_URL ""
| #define CONFIG_XENO_MERCURY 1
| #define CONFIG_XENO_BUILD_STRING "x86_64-pc-linux-gnu"
| #define CONFIG_XENO_HOST_STRING "aarch64-buildroot-linux-gnu"
| #define CONFIG_XENO_COMPILER "collect2: error: ld returned 1 exit status"
| #define PACKAGE "xenomai"
| #define VERSION "3.2.2"
| /* end confdefs.h.  */
| 
| /* Override any GCC internal prototype to avoid an error.
|    Use char because int might match the return type of a GCC
|    builtin and then its argument prototype would still apply.  */
| char yywrap ();
| int
| main (void)
| {
| return yywrap ();
|   ;
|   return 0;
| }
configure:7611: /home/czz/work/rk3588/buildroot/output/rockchip_rk3588/host/bin/aarch64-buildroot-linux-gnu-gcc -o conftest -D_LARGEFILE_SOURCE -D_LARGEFILE64_SOURCE -D_FILE_OFFSET_BITS=64  -Os -g0 -D_FORTIFY_SOURCE=1 -D_LARGEFILE_SOURCE -D_LARGEFILE64_SOURCE -D_FILE_OFFSET_BITS=64  conftest.c -ll   >&5
/home/czz/work/rk3588/buildroot/output/rockchip_rk3588/host/lib/gcc/aarch64-buildroot-linux-gnu/11.3.0/../../../../aarch64-buildroot-linux-gnu/bin/ld: cannot find -ll: No such file or directory
collect2: error: ld returned 1 exit status
configure:7611: $? = 1
configure: failed program was:
| /* confdefs.h */
| #define PACKAGE_NAME "Xenomai"
| #define PACKAGE_TARNAME "xenomai"
| #define PACKAGE_VERSION "3.2.2"
| #define PACKAGE_STRING "Xenomai 3.2.2"
| #define PACKAGE_BUGREPORT "xenomai@xenomai.org"
| #define PACKAGE_URL ""
| #define CONFIG_XENO_MERCURY 1
| #define CONFIG_XENO_BUILD_STRING "x86_64-pc-linux-gnu"
| #define CONFIG_XENO_HOST_STRING "aarch64-buildroot-linux-gnu"
| #define CONFIG_XENO_COMPILER "collect2: error: ld returned 1 exit status"
| #define PACKAGE "xenomai"
| #define VERSION "3.2.2"
| /* end confdefs.h.  */
| 
| /* Override any GCC internal prototype to avoid an error.
|    Use char because int might match the return type of a GCC
|    builtin and then its argument prototype would still apply.  */
| char yywrap ();
| int
| main (void)
| {
| return yywrap ();
|   ;
|   return 0;
| }
configure:7631: result: no
configure:7647: checking whether yytext is a pointer
configure:7663: /home/czz/work/rk3588/buildroot/output/rockchip_rk3588/host/bin/aarch64-buildroot-linux-gnu-gcc -c -D_LARGEFILE_SOURCE -D_LARGEFILE64_SOURCE -D_FILE_OFFSET_BITS=64  -Os -g0 -D_FORTIFY_SOURCE=1 -D_LARGEFILE_SOURCE -D_LARGEFILE64_SOURCE -D_FILE_OFFSET_BITS=64 conftest.c >&5
configure:7663: $? = 0
configure:7670: result: yes
configure:7688: checking for target architecture
configure:7737: result: arm64
configure:7815: checking whether ln -s works
configure:7819: result: yes
configure:7827: checking the maximum length of command line arguments
configure:7959: result: 1572864
configure:8007: checking how to convert x86_64-pc-linux-gnu file names to aarch64-buildroot-linux-gnu format
configure:8048: result: func_convert_file_noop
configure:8055: checking how to convert x86_64-pc-linux-gnu file names to toolchain format
configure:8076: result: func_convert_file_noop
configure:8083: checking for /home/czz/work/rk3588/buildroot/output/rockchip_rk3588/host/bin/aarch64-buildroot-linux-gnu-ld option to reload object files
configure:8091: result: -r
configure:8125: checking for aarch64-buildroot-linux-gnu-objdump
configure:8157: result: /home/czz/work/rk3588/buildroot/output/rockchip_rk3588/host/bin/aarch64-buildroot-linux-gnu-objdump
configure:8234: checking how to recognize dependent libraries
configure:8435: result: pass_all
configure:8480: checking for aarch64-buildroot-linux-gnu-dlltool
configure:8515: result: no
configure:8525: checking for dlltool
configure:8560: result: no
configure:8590: checking how to associate runtime and link libraries
configure:8618: result: printf %s\n
configure:8634: checking for aarch64-buildroot-linux-gnu-ar
configure:8666: result: /home/czz/work/rk3588/buildroot/output/rockchip_rk3588/host/bin/aarch64-buildroot-linux-gnu-ar
configure:8752: checking for archiver @FILE support
configure:8770: /home/czz/work/rk3588/buildroot/output/rockchip_rk3588/host/bin/aarch64-buildroot-linux-gnu-gcc -c -D_LARGEFILE_SOURCE -D_LARGEFILE64_SOURCE -D_FILE_OFFSET_BITS=64  -Os -g0 -D_FORTIFY_SOURCE=1 -D_LARGEFILE_SOURCE -D_LARGEFILE64_SOURCE -D_FILE_OFFSET_BITS=64 conftest.c >&5
configure:8770: $? = 0
configure:8774: /home/czz/work/rk3588/buildroot/output/rockchip_rk3588/host/bin/aarch64-buildroot-linux-gnu-ar cru libconftest.a @conftest.lst >&5
configure:8777: $? = 0
configure:8782: /home/czz/work/rk3588/buildroot/output/rockchip_rk3588/host/bin/aarch64-buildroot-linux-gnu-ar cru libconftest.a @conftest.lst >&5
/home/czz/work/rk3588/buildroot/output/rockchip_rk3588/host/bin/aarch64-buildroot-linux-gnu-ar: conftest.o: No such file or directory
configure:8785: $? = 1
configure:8797: result: @
configure:8815: checking for aarch64-buildroot-linux-gnu-strip
configure:8847: result: /home/czz/work/rk3588/buildroot/output/rockchip_rk3588/host/bin/aarch64-buildroot-linux-gnu-strip
configure:8924: checking for aarch64-buildroot-linux-gnu-ranlib
configure:8956: result: /home/czz/work/rk3588/buildroot/output/rockchip_rk3588/host/bin/aarch64-buildroot-linux-gnu-ranlib
configure:9074: checking for sysroot
configure:9105: result: no
configure:9112: checking for a working dd
configure:9156: result: /usr/bin/dd
configure:9160: checking how to truncate binary pipes
configure:9176: result: /usr/bin/dd bs=4096 count=1
configure:9468: checking for aarch64-buildroot-linux-gnu-mt
configure:9503: result: no
configure:9513: checking for mt
configure:9534: found /usr/bin/mt
configure:9545: result: mt
configure:9557: WARNING: using cross tools not prefixed with host triplet
configure:9568: checking if mt is a manifest tool
configure:9575: mt '-?'
configure:9583: result: no
configure:10313: checking for stdio.h
configure:10313: /home/czz/work/rk3588/buildroot/output/rockchip_rk3588/host/bin/aarch64-buildroot-linux-gnu-gcc -c -D_LARGEFILE_SOURCE -D_LARGEFILE64_SOURCE -D_FILE_OFFSET_BITS=64  -Os -g0 -D_FORTIFY_SOURCE=1 -D_LARGEFILE_SOURCE -D_LARGEFILE64_SOURCE -D_FILE_OFFSET_BITS=64 conftest.c >&5
configure:10313: $? = 0
configure:10313: result: yes
configure:10313: checking for stdlib.h
configure:10313: /home/czz/work/rk3588/buildroot/output/rockchip_rk3588/host/bin/aarch64-buildroot-linux-gnu-gcc -c -D_LARGEFILE_SOURCE -D_LARGEFILE64_SOURCE -D_FILE_OFFSET_BITS=64  -Os -g0 -D_FORTIFY_SOURCE=1 -D_LARGEFILE_SOURCE -D_LARGEFILE64_SOURCE -D_FILE_OFFSET_BITS=64 conftest.c >&5
configure:10313: $? = 0
configure:10313: result: yes
configure:10313: checking for string.h
configure:10313: /home/czz/work/rk3588/buildroot/output/rockchip_rk3588/host/bin/aarch64-buildroot-linux-gnu-gcc -c -D_LARGEFILE_SOURCE -D_LARGEFILE64_SOURCE -D_FILE_OFFSET_BITS=64  -Os -g0 -D_FORTIFY_SOURCE=1 -D_LARGEFILE_SOURCE -D_LARGEFILE64_SOURCE -D_FILE_OFFSET_BITS=64 conftest.c >&5
configure:10313: $? = 0
configure:10313: result: yes
configure:10313: checking for inttypes.h
configure:10313: /home/czz/work/rk3588/buildroot/output/rockchip_rk3588/host/bin/aarch64-buildroot-linux-gnu-gcc -c -D_LARGEFILE_SOURCE -D_LARGEFILE64_SOURCE -D_FILE_OFFSET_BITS=64  -Os -g0 -D_FORTIFY_SOURCE=1 -D_LARGEFILE_SOURCE -D_LARGEFILE64_SOURCE -D_FILE_OFFSET_BITS=64 conftest.c >&5
configure:10313: $? = 0
configure:10313: result: yes
configure:10313: checking for stdint.h
configure:10313: /home/czz/work/rk3588/buildroot/output/rockchip_rk3588/host/bin/aarch64-buildroot-linux-gnu-gcc -c -D_LARGEFILE_SOURCE -D_LARGEFILE64_SOURCE -D_FILE_OFFSET_BITS=64  -Os -g0 -D_FORTIFY_SOURCE=1 -D_LARGEFILE_SOURCE -D_LARGEFILE64_SOURCE -D_FILE_OFFSET_BITS=64 conftest.c >&5
configure:10313: $? = 0
configure:10313: result: yes
configure:10313: checking for strings.h
configure:10313: /home/czz/work/rk3588/buildroot/output/rockchip_rk3588/host/bin/aarch64-buildroot-linux-gnu-gcc -c -D_LARGEFILE_SOURCE -D_LARGEFILE64_SOURCE -D_FILE_OFFSET_BITS=64  -Os -g0 -D_FORTIFY_SOURCE=1 -D_LARGEFILE_SOURCE -D_LARGEFILE64_SOURCE -D_FILE_OFFSET_BITS=64 conftest.c >&5
configure:10313: $? = 0
configure:10313: result: yes
configure:10313: checking for sys/stat.h
configure:10313: /home/czz/work/rk3588/buildroot/output/rockchip_rk3588/host/bin/aarch64-buildroot-linux-gnu-gcc -c -D_LARGEFILE_SOURCE -D_LARGEFILE64_SOURCE -D_FILE_OFFSET_BITS=64  -Os -g0 -D_FORTIFY_SOURCE=1 -D_LARGEFILE_SOURCE -D_LARGEFILE64_SOURCE -D_FILE_OFFSET_BITS=64 conftest.c >&5
configure:10313: $? = 0
configure:10313: result: yes
configure:10313: checking for sys/types.h
configure:10313: /home/czz/work/rk3588/buildroot/output/rockchip_rk3588/host/bin/aarch64-buildroot-linux-gnu-gcc -c -D_LARGEFILE_SOURCE -D_LARGEFILE64_SOURCE -D_FILE_OFFSET_BITS=64  -Os -g0 -D_FORTIFY_SOURCE=1 -D_LARGEFILE_SOURCE -D_LARGEFILE64_SOURCE -D_FILE_OFFSET_BITS=64 conftest.c >&5
configure:10313: $? = 0
configure:10313: result: yes
configure:10313: checking for unistd.h
configure:10313: /home/czz/work/rk3588/buildroot/output/rockchip_rk3588/host/bin/aarch64-buildroot-linux-gnu-gcc -c -D_LARGEFILE_SOURCE -D_LARGEFILE64_SOURCE -D_FILE_OFFSET_BITS=64  -Os -g0 -D_FORTIFY_SOURCE=1 -D_LARGEFILE_SOURCE -D_LARGEFILE64_SOURCE -D_FILE_OFFSET_BITS=64 conftest.c >&5
configure:10313: $? = 0
configure:10313: result: yes
configure:10338: checking for dlfcn.h
configure:10338: /home/czz/work/rk3588/buildroot/output/rockchip_rk3588/host/bin/aarch64-buildroot-linux-gnu-gcc -c -D_LARGEFILE_SOURCE -D_LARGEFILE64_SOURCE -D_FILE_OFFSET_BITS=64  -Os -g0 -D_FORTIFY_SOURCE=1 -D_LARGEFILE_SOURCE -D_LARGEFILE64_SOURCE -D_FILE_OFFSET_BITS=64 conftest.c >&5
configure:10338: $? = 0
configure:10338: result: yes
configure:10566: checking for objdir
configure:10582: result: .libs
configure:10846: checking if /home/czz/work/rk3588/buildroot/output/rockchip_rk3588/host/bin/aarch64-buildroot-linux-gnu-gcc supports -fno-rtti -fno-exceptions
configure:10865: /home/czz/work/rk3588/buildroot/output/rockchip_rk3588/host/bin/aarch64-buildroot-linux-gnu-gcc -c -D_LARGEFILE_SOURCE -D_LARGEFILE64_SOURCE -D_FILE_OFFSET_BITS=64  -Os -g0 -D_FORTIFY_SOURCE=1 -D_LARGEFILE_SOURCE -D_LARGEFILE64_SOURCE -D_FILE_OFFSET_BITS=64 -fno-rtti -fno-exceptions conftest.c >&5
cc1: warning: command-line option '-fno-rtti' is valid for C++/D/ObjC++ but not for C
configure:10869: $? = 0
configure:10882: result: no
configure:11240: checking for /home/czz/work/rk3588/buildroot/output/rockchip_rk3588/host/bin/aarch64-buildroot-linux-gnu-gcc option to produce PIC
configure:11248: result: -fPIC -DPIC
configure:11256: checking if /home/czz/work/rk3588/buildroot/output/rockchip_rk3588/host/bin/aarch64-buildroot-linux-gnu-gcc PIC flag -fPIC -DPIC works
configure:11275: /home/czz/work/rk3588/buildroot/output/rockchip_rk3588/host/bin/aarch64-buildroot-linux-gnu-gcc -c -D_LARGEFILE_SOURCE -D_LARGEFILE64_SOURCE -D_FILE_OFFSET_BITS=64  -Os -g0 -D_FORTIFY_SOURCE=1 -D_LARGEFILE_SOURCE -D_LARGEFILE64_SOURCE -D_FILE_OFFSET_BITS=64 -fPIC -DPIC -DPIC conftest.c >&5
configure:11279: $? = 0
configure:11292: result: yes
configure:11321: checking if /home/czz/work/rk3588/buildroot/output/rockchip_rk3588/host/bin/aarch64-buildroot-linux-gnu-gcc static flag -static works
configure:11350: result: yes
configure:11365: checking if /home/czz/work/rk3588/buildroot/output/rockchip_rk3588/host/bin/aarch64-buildroot-linux-gnu-gcc supports -c -o file.o
configure:11387: /home/czz/work/rk3588/buildroot/output/rockchip_rk3588/host/bin/aarch64-buildroot-linux-gnu-gcc -c -D_LARGEFILE_SOURCE -D_LARGEFILE64_SOURCE -D_FILE_OFFSET_BITS=64  -Os -g0 -D_FORTIFY_SOURCE=1 -D_LARGEFILE_SOURCE -D_LARGEFILE64_SOURCE -D_FILE_OFFSET_BITS=64 -o out/conftest2.o conftest.c >&5
configure:11391: $? = 0
configure:11413: result: yes
configure:11421: checking if /home/czz/work/rk3588/buildroot/output/rockchip_rk3588/host/bin/aarch64-buildroot-linux-gnu-gcc supports -c -o file.o
configure:11469: result: yes
configure:11502: checking whether the /home/czz/work/rk3588/buildroot/output/rockchip_rk3588/host/bin/aarch64-buildroot-linux-gnu-gcc linker (/home/czz/work/rk3588/buildroot/output/rockchip_rk3588/host/bin/aarch64-buildroot-linux-gnu-ld) supports shared libraries
configure:12768: result: yes
configure:12805: checking whether -lc should be explicitly linked in
configure:12814: /home/czz/work/rk3588/buildroot/output/rockchip_rk3588/host/bin/aarch64-buildroot-linux-gnu-gcc -c -D_LARGEFILE_SOURCE -D_LARGEFILE64_SOURCE -D_FILE_OFFSET_BITS=64  -Os -g0 -D_FORTIFY_SOURCE=1 -D_LARGEFILE_SOURCE -D_LARGEFILE64_SOURCE -D_FILE_OFFSET_BITS=64 conftest.c >&5
configure:12817: $? = 0
configure:12832: /home/czz/work/rk3588/buildroot/output/rockchip_rk3588/host/bin/aarch64-buildroot-linux-gnu-gcc -shared  -fPIC -DPIC conftest.o  -v -Wl,-soname -Wl,conftest -o conftest 2\>\&1 \| /usr/bin/grep  -lc  \>/dev/null 2\>\&1
configure:12835: $? = 0
configure:12849: result: no
configure:13009: checking dynamic linker characteristics
configure:13591: /home/czz/work/rk3588/buildroot/output/rockchip_rk3588/host/bin/aarch64-buildroot-linux-gnu-gcc -o conftest -D_LARGEFILE_SOURCE -D_LARGEFILE64_SOURCE -D_FILE_OFFSET_BITS=64  -Os -g0 -D_FORTIFY_SOURCE=1 -D_LARGEFILE_SOURCE -D_LARGEFILE64_SOURCE -D_FILE_OFFSET_BITS=64  -Wl,-rpath -Wl,/foo conftest.c  >&5
configure:13591: $? = 0
configure:13830: result: GNU/Linux ld.so
configure:13952: checking how to hardcode library paths into programs
configure:13977: result: immediate
configure:14529: checking whether stripping libraries is possible
configure:14534: result: yes
configure:14569: checking if libtool supports shared libraries
configure:14571: result: yes
configure:14574: checking whether to build shared libraries
configure:14599: result: yes
configure:14602: checking whether to build static libraries
configure:14606: result: no
configure:14648: checking whether to enable debug mode
configure:14675: result: no
configure:14734: checking whether to enable the low resolution clock
configure:14745: result: no
configure:14759: checking whether we may use CLOCK_MONOTONIC_RAW
configure:14770: result: no
configure:14785: checking whether assertions should be enabled
configure:14796: result: no
configure:14801: checking whether asynchronous cancellation of threads is enabled
configure:14812: result: no
configure:14823: checking whether to enable the workaround for broken PI with condvars
configure:14834: result: no
configure:14849: checking whether to enable lazy scheduling parameter update
configure:14860: result: no
configure:14875: checking whether shared multi-processing should be supported
configure:14886: result: no
configure:14905: checking for process-local memory allocator
configure:14925: result: heapmem
configure:14931: checking whether the registry should be enabled
configure:14943: result: no
configure:15190: checking for SMP support
configure:15201: result: y
configure:15206: checking whether to enable sanity checks
configure:15217: result: y
configure:15251: checking whether to build documentation
configure:15279: checking for doxygen
configure:15300: found /usr/bin/doxygen
configure:15311: result: doxygen
configure:15326: checking for dot
configure:15347: found /usr/bin/dot
configure:15359: result: YES
configure:15375: checking for LaTeX mode
configure:15389: result: batch
configure:15394: checking for asciidoc
configure:15429: result: no
configure:15439: checking for a2x
configure:15474: result: no
configure:15484: checking for w3m
configure:15519: result: no
configure:15543: checking for valgrind/valgrind.h
configure:15543: /home/czz/work/rk3588/buildroot/output/rockchip_rk3588/host/bin/aarch64-buildroot-linux-gnu-gcc -c -D_LARGEFILE_SOURCE -D_LARGEFILE64_SOURCE -D_FILE_OFFSET_BITS=64  -Os -g0 -D_FORTIFY_SOURCE=1 -D_LARGEFILE_SOURCE -D_LARGEFILE64_SOURCE -D_FILE_OFFSET_BITS=64 conftest.c >&5
conftest.c:58:10: fatal error: valgrind/valgrind.h: No such file or directory
   58 | #include <valgrind/valgrind.h>
      |          ^~~~~~~~~~~~~~~~~~~~~
compilation terminated.
configure:15543: $? = 1
configure: failed program was:
| /* confdefs.h */
| #define PACKAGE_NAME "Xenomai"
| #define PACKAGE_TARNAME "xenomai"
| #define PACKAGE_VERSION "3.2.2"
| #define PACKAGE_STRING "Xenomai 3.2.2"
| #define PACKAGE_BUGREPORT "xenomai@xenomai.org"
| #define PACKAGE_URL ""
| #define CONFIG_XENO_MERCURY 1
| #define CONFIG_XENO_BUILD_STRING "x86_64-pc-linux-gnu"
| #define CONFIG_XENO_HOST_STRING "aarch64-buildroot-linux-gnu"
| #define CONFIG_XENO_COMPILER "collect2: error: ld returned 1 exit status"
| #define PACKAGE "xenomai"
| #define VERSION "3.2.2"
| #define YYTEXT_POINTER 1
| #define HAVE_STDIO_H 1
| #define HAVE_STDLIB_H 1
| #define HAVE_STRING_H 1
| #define HAVE_INTTYPES_H 1
| #define HAVE_STDINT_H 1
| #define HAVE_STRINGS_H 1
| #define HAVE_SYS_STAT_H 1
| #define HAVE_SYS_TYPES_H 1
| #define HAVE_UNISTD_H 1
| #define STDC_HEADERS 1
| #define HAVE_DLFCN_H 1
| #define LT_OBJDIR ".libs/"
| #define CONFIG_XENO_LORES_CLOCK_DISABLED 1
| #define CONFIG_XENO_SANITY 1
| /* end confdefs.h.  */
| #include <stddef.h>
| #ifdef HAVE_STDIO_H
| # include <stdio.h>
| #endif
| #ifdef HAVE_STDLIB_H
| # include <stdlib.h>
| #endif
| #ifdef HAVE_STRING_H
| # include <string.h>
| #endif
| #ifdef HAVE_INTTYPES_H
| # include <inttypes.h>
| #endif
| #ifdef HAVE_STDINT_H
| # include <stdint.h>
| #endif
| #ifdef HAVE_STRINGS_H
| # include <strings.h>
| #endif
| #ifdef HAVE_SYS_TYPES_H
| # include <sys/types.h>
| #endif
| #ifdef HAVE_SYS_STAT_H
| # include <sys/stat.h>
| #endif
| #ifdef HAVE_UNISTD_H
| # include <unistd.h>
| #endif
| #include <valgrind/valgrind.h>
configure:15543: result: no
configure:15550: checking for Valgrind client API
configure:15560: result: no
configure:15597: checking for obstack.h
configure:15597: /home/czz/work/rk3588/buildroot/output/rockchip_rk3588/host/bin/aarch64-buildroot-linux-gnu-gcc -c -D_LARGEFILE_SOURCE -D_LARGEFILE64_SOURCE -D_FILE_OFFSET_BITS=64  -Os -g0 -D_FORTIFY_SOURCE=1 -D_LARGEFILE_SOURCE -D_LARGEFILE64_SOURCE -D_FILE_OFFSET_BITS=64 conftest.c >&5
configure:15597: $? = 0
configure:15597: result: yes
configure:15614: checking for mqueue.h
configure:15614: /home/czz/work/rk3588/buildroot/output/rockchip_rk3588/host/bin/aarch64-buildroot-linux-gnu-gcc -c -D_LARGEFILE_SOURCE -D_LARGEFILE64_SOURCE -D_FILE_OFFSET_BITS=64  -Os -g0 -D_FORTIFY_SOURCE=1 -D_LARGEFILE_SOURCE -D_LARGEFILE64_SOURCE -D_FILE_OFFSET_BITS=64 conftest.c >&5
configure:15614: $? = 0
configure:15614: result: yes
configure:15624: checking for pthread_mutexattr_setprotocol
configure:15624: /home/czz/work/rk3588/buildroot/output/rockchip_rk3588/host/bin/aarch64-buildroot-linux-gnu-gcc -o conftest -D_LARGEFILE_SOURCE -D_LARGEFILE64_SOURCE -D_FILE_OFFSET_BITS=64  -Os -g0 -D_FORTIFY_SOURCE=1 -D_LARGEFILE_SOURCE -D_LARGEFILE64_SOURCE -D_FILE_OFFSET_BITS=64  conftest.c  -lrt -lpthread >&5
configure:15624: $? = 0
configure:15624: result: yes
configure:15630: checking for pthread_mutexattr_getprotocol
configure:15630: /home/czz/work/rk3588/buildroot/output/rockchip_rk3588/host/bin/aarch64-buildroot-linux-gnu-gcc -o conftest -D_LARGEFILE_SOURCE -D_LARGEFILE64_SOURCE -D_FILE_OFFSET_BITS=64  -Os -g0 -D_FORTIFY_SOURCE=1 -D_LARGEFILE_SOURCE -D_LARGEFILE64_SOURCE -D_FILE_OFFSET_BITS=64  conftest.c  -lrt -lpthread >&5
configure:15630: $? = 0
configure:15630: result: yes
configure:15636: checking for pthread_mutexattr_getprioceiling
configure:15636: /home/czz/work/rk3588/buildroot/output/rockchip_rk3588/host/bin/aarch64-buildroot-linux-gnu-gcc -o conftest -D_LARGEFILE_SOURCE -D_LARGEFILE64_SOURCE -D_FILE_OFFSET_BITS=64  -Os -g0 -D_FORTIFY_SOURCE=1 -D_LARGEFILE_SOURCE -D_LARGEFILE64_SOURCE -D_FILE_OFFSET_BITS=64  conftest.c  -lrt -lpthread >&5
configure:15636: $? = 0
configure:15636: result: yes
configure:15642: checking for pthread_mutexattr_setprioceiling
configure:15642: /home/czz/work/rk3588/buildroot/output/rockchip_rk3588/host/bin/aarch64-buildroot-linux-gnu-gcc -o conftest -D_LARGEFILE_SOURCE -D_LARGEFILE64_SOURCE -D_FILE_OFFSET_BITS=64  -Os -g0 -D_FORTIFY_SOURCE=1 -D_LARGEFILE_SOURCE -D_LARGEFILE64_SOURCE -D_FILE_OFFSET_BITS=64  conftest.c  -lrt -lpthread >&5
configure:15642: $? = 0
configure:15642: result: yes
configure:15648: checking for pthread_mutexattr_setrobust
configure:15648: /home/czz/work/rk3588/buildroot/output/rockchip_rk3588/host/bin/aarch64-buildroot-linux-gnu-gcc -o conftest -D_LARGEFILE_SOURCE -D_LARGEFILE64_SOURCE -D_FILE_OFFSET_BITS=64  -Os -g0 -D_FORTIFY_SOURCE=1 -D_LARGEFILE_SOURCE -D_LARGEFILE64_SOURCE -D_FILE_OFFSET_BITS=64  conftest.c  -lrt -lpthread >&5
configure:15648: $? = 0
configure:15648: result: yes
configure:15654: checking for pthread_mutexattr_setrobust_np
configure:15654: /home/czz/work/rk3588/buildroot/output/rockchip_rk3588/host/bin/aarch64-buildroot-linux-gnu-gcc -o conftest -D_LARGEFILE_SOURCE -D_LARGEFILE64_SOURCE -D_FILE_OFFSET_BITS=64  -Os -g0 -D_FORTIFY_SOURCE=1 -D_LARGEFILE_SOURCE -D_LARGEFILE64_SOURCE -D_FILE_OFFSET_BITS=64  conftest.c  -lrt -lpthread >&5
/home/czz/work/rk3588/buildroot/output/rockchip_rk3588/host/lib/gcc/aarch64-buildroot-linux-gnu/11.3.0/../../../../aarch64-buildroot-linux-gnu/bin/ld: /tmp/ccTgTHUJ.o: in function `main':
conftest.c:(.text.startup+0x8): undefined reference to `pthread_mutexattr_setrobust_np'
collect2: error: ld returned 1 exit status
configure:15654: $? = 1
configure: failed program was:
| /* confdefs.h */
| #define PACKAGE_NAME "Xenomai"
| #define PACKAGE_TARNAME "xenomai"
| #define PACKAGE_VERSION "3.2.2"
| #define PACKAGE_STRING "Xenomai 3.2.2"
| #define PACKAGE_BUGREPORT "xenomai@xenomai.org"
| #define PACKAGE_URL ""
| #define CONFIG_XENO_MERCURY 1
| #define CONFIG_XENO_BUILD_STRING "x86_64-pc-linux-gnu"
| #define CONFIG_XENO_HOST_STRING "aarch64-buildroot-linux-gnu"
| #define CONFIG_XENO_COMPILER "collect2: error: ld returned 1 exit status"
| #define PACKAGE "xenomai"
| #define VERSION "3.2.2"
| #define YYTEXT_POINTER 1
| #define HAVE_STDIO_H 1
| #define HAVE_STDLIB_H 1
| #define HAVE_STRING_H 1
| #define HAVE_INTTYPES_H 1
| #define HAVE_STDINT_H 1
| #define HAVE_STRINGS_H 1
| #define HAVE_SYS_STAT_H 1
| #define HAVE_SYS_TYPES_H 1
| #define HAVE_UNISTD_H 1
| #define STDC_HEADERS 1
| #define HAVE_DLFCN_H 1
| #define LT_OBJDIR ".libs/"
| #define CONFIG_XENO_LORES_CLOCK_DISABLED 1
| #define CONFIG_XENO_SANITY 1
| #define HAVE_OBSTACK_H 1
| #define HAVE_MQUEUE_H 1
| #define HAVE_PTHREAD_MUTEXATTR_SETPROTOCOL 1
| #define HAVE_PTHREAD_MUTEXATTR_GETPROTOCOL 1
| #define HAVE_PTHREAD_MUTEXATTR_GETPRIOCEILING 1
| #define HAVE_PTHREAD_MUTEXATTR_SETPRIOCEILING 1
| #define HAVE_PTHREAD_MUTEXATTR_SETROBUST 1
| /* end confdefs.h.  */
| /* Define pthread_mutexattr_setrobust_np to an innocuous variant, in case <limits.h> declares pthread_mutexattr_setrobust_np.
|    For example, HP-UX 11i <limits.h> declares gettimeofday.  */
| #define pthread_mutexattr_setrobust_np innocuous_pthread_mutexattr_setrobust_np
| 
| /* System header to define __stub macros and hopefully few prototypes,
|    which can conflict with char pthread_mutexattr_setrobust_np (); below.  */
| 
| #include <limits.h>
| #undef pthread_mutexattr_setrobust_np
| 
| /* Override any GCC internal prototype to avoid an error.
|    Use char because int might match the return type of a GCC
|    builtin and then its argument prototype would still apply.  */
| #ifdef __cplusplus
| extern "C"
| #endif
| char pthread_mutexattr_setrobust_np ();
| /* The GNU C library defines this for functions which it implements
|     to always fail with ENOSYS.  Some functions are actually named
|     something starting with __ and the normal name is an alias.  */
| #if defined __stub_pthread_mutexattr_setrobust_np || defined __stub___pthread_mutexattr_setrobust_np
| choke me
| #endif
| 
| int
| main (void)
| {
| return pthread_mutexattr_setrobust_np ();
|   ;
|   return 0;
| }
configure:15654: result: no
configure:15660: checking for pthread_mutex_getprioceiling
configure:15660: /home/czz/work/rk3588/buildroot/output/rockchip_rk3588/host/bin/aarch64-buildroot-linux-gnu-gcc -o conftest -D_LARGEFILE_SOURCE -D_LARGEFILE64_SOURCE -D_FILE_OFFSET_BITS=64  -Os -g0 -D_FORTIFY_SOURCE=1 -D_LARGEFILE_SOURCE -D_LARGEFILE64_SOURCE -D_FILE_OFFSET_BITS=64  conftest.c  -lrt -lpthread >&5
configure:15660: $? = 0
configure:15660: result: yes
configure:15666: checking for pthread_mutex_setprioceiling
configure:15666: /home/czz/work/rk3588/buildroot/output/rockchip_rk3588/host/bin/aarch64-buildroot-linux-gnu-gcc -o conftest -D_LARGEFILE_SOURCE -D_LARGEFILE64_SOURCE -D_FILE_OFFSET_BITS=64  -Os -g0 -D_FORTIFY_SOURCE=1 -D_LARGEFILE_SOURCE -D_LARGEFILE64_SOURCE -D_FILE_OFFSET_BITS=64  conftest.c  -lrt -lpthread >&5
configure:15666: $? = 0
configure:15666: result: yes
configure:15672: checking for pthread_condattr_getclock
configure:15672: /home/czz/work/rk3588/buildroot/output/rockchip_rk3588/host/bin/aarch64-buildroot-linux-gnu-gcc -o conftest -D_LARGEFILE_SOURCE -D_LARGEFILE64_SOURCE -D_FILE_OFFSET_BITS=64  -Os -g0 -D_FORTIFY_SOURCE=1 -D_LARGEFILE_SOURCE -D_LARGEFILE64_SOURCE -D_FILE_OFFSET_BITS=64  conftest.c  -lrt -lpthread >&5
configure:15672: $? = 0
configure:15672: result: yes
configure:15678: checking for pthread_condattr_setclock
configure:15678: /home/czz/work/rk3588/buildroot/output/rockchip_rk3588/host/bin/aarch64-buildroot-linux-gnu-gcc -o conftest -D_LARGEFILE_SOURCE -D_LARGEFILE64_SOURCE -D_FILE_OFFSET_BITS=64  -Os -g0 -D_FORTIFY_SOURCE=1 -D_LARGEFILE_SOURCE -D_LARGEFILE64_SOURCE -D_FILE_OFFSET_BITS=64  conftest.c  -lrt -lpthread >&5
configure:15678: $? = 0
configure:15678: result: yes
configure:15684: checking for pthread_spin_lock
configure:15684: /home/czz/work/rk3588/buildroot/output/rockchip_rk3588/host/bin/aarch64-buildroot-linux-gnu-gcc -o conftest -D_LARGEFILE_SOURCE -D_LARGEFILE64_SOURCE -D_FILE_OFFSET_BITS=64  -Os -g0 -D_FORTIFY_SOURCE=1 -D_LARGEFILE_SOURCE -D_LARGEFILE64_SOURCE -D_FILE_OFFSET_BITS=64  conftest.c  -lrt -lpthread >&5
configure:15684: $? = 0
configure:15684: result: yes
configure:15690: checking for fork
configure:15690: /home/czz/work/rk3588/buildroot/output/rockchip_rk3588/host/bin/aarch64-buildroot-linux-gnu-gcc -o conftest -D_LARGEFILE_SOURCE -D_LARGEFILE64_SOURCE -D_FILE_OFFSET_BITS=64  -Os -g0 -D_FORTIFY_SOURCE=1 -D_LARGEFILE_SOURCE -D_LARGEFILE64_SOURCE -D_FILE_OFFSET_BITS=64  conftest.c  -lrt -lpthread >&5
conftest.c:58:6: warning: conflicting types for built-in function 'fork'; expected 'int(void)' [-Wbuiltin-declaration-mismatch]
   58 | char fork ();
      |      ^~~~
configure:15690: $? = 0
configure:15690: result: yes
configure:15696: checking for pthread_attr_setaffinity_np
configure:15696: /home/czz/work/rk3588/buildroot/output/rockchip_rk3588/host/bin/aarch64-buildroot-linux-gnu-gcc -o conftest -D_LARGEFILE_SOURCE -D_LARGEFILE64_SOURCE -D_FILE_OFFSET_BITS=64  -Os -g0 -D_FORTIFY_SOURCE=1 -D_LARGEFILE_SOURCE -D_LARGEFILE64_SOURCE -D_FILE_OFFSET_BITS=64  conftest.c  -lrt -lpthread >&5
configure:15696: $? = 0
configure:15696: result: yes
configure:15702: checking for pthread_setaffinity_np
configure:15702: /home/czz/work/rk3588/buildroot/output/rockchip_rk3588/host/bin/aarch64-buildroot-linux-gnu-gcc -o conftest -D_LARGEFILE_SOURCE -D_LARGEFILE64_SOURCE -D_FILE_OFFSET_BITS=64  -Os -g0 -D_FORTIFY_SOURCE=1 -D_LARGEFILE_SOURCE -D_LARGEFILE64_SOURCE -D_FILE_OFFSET_BITS=64  conftest.c  -lrt -lpthread >&5
configure:15702: $? = 0
configure:15702: result: yes
configure:15708: checking for pthread_getattr_np
configure:15708: /home/czz/work/rk3588/buildroot/output/rockchip_rk3588/host/bin/aarch64-buildroot-linux-gnu-gcc -o conftest -D_LARGEFILE_SOURCE -D_LARGEFILE64_SOURCE -D_FILE_OFFSET_BITS=64  -Os -g0 -D_FORTIFY_SOURCE=1 -D_LARGEFILE_SOURCE -D_LARGEFILE64_SOURCE -D_FILE_OFFSET_BITS=64  conftest.c  -lrt -lpthread >&5
configure:15708: $? = 0
configure:15708: result: yes
configure:15714: checking for pthread_atfork
configure:15714: /home/czz/work/rk3588/buildroot/output/rockchip_rk3588/host/bin/aarch64-buildroot-linux-gnu-gcc -o conftest -D_LARGEFILE_SOURCE -D_LARGEFILE64_SOURCE -D_FILE_OFFSET_BITS=64  -Os -g0 -D_FORTIFY_SOURCE=1 -D_LARGEFILE_SOURCE -D_LARGEFILE64_SOURCE -D_FILE_OFFSET_BITS=64  conftest.c  -lrt -lpthread >&5
configure:15714: $? = 0
configure:15714: result: yes
configure:15720: checking for pthread_setname_np
configure:15720: /home/czz/work/rk3588/buildroot/output/rockchip_rk3588/host/bin/aarch64-buildroot-linux-gnu-gcc -o conftest -D_LARGEFILE_SOURCE -D_LARGEFILE64_SOURCE -D_FILE_OFFSET_BITS=64  -Os -g0 -D_FORTIFY_SOURCE=1 -D_LARGEFILE_SOURCE -D_LARGEFILE64_SOURCE -D_FILE_OFFSET_BITS=64  conftest.c  -lrt -lpthread >&5
configure:15720: $? = 0
configure:15720: result: yes
configure:15726: checking for pthread_setschedprio
configure:15726: /home/czz/work/rk3588/buildroot/output/rockchip_rk3588/host/bin/aarch64-buildroot-linux-gnu-gcc -o conftest -D_LARGEFILE_SOURCE -D_LARGEFILE64_SOURCE -D_FILE_OFFSET_BITS=64  -Os -g0 -D_FORTIFY_SOURCE=1 -D_LARGEFILE_SOURCE -D_LARGEFILE64_SOURCE -D_FILE_OFFSET_BITS=64  conftest.c  -lrt -lpthread >&5
configure:15726: $? = 0
configure:15726: result: yes
configure:15732: checking for sched_getcpu
configure:15732: /home/czz/work/rk3588/buildroot/output/rockchip_rk3588/host/bin/aarch64-buildroot-linux-gnu-gcc -o conftest -D_LARGEFILE_SOURCE -D_LARGEFILE64_SOURCE -D_FILE_OFFSET_BITS=64  -Os -g0 -D_FORTIFY_SOURCE=1 -D_LARGEFILE_SOURCE -D_LARGEFILE64_SOURCE -D_FILE_OFFSET_BITS=64  conftest.c  -lrt -lpthread >&5
configure:15732: $? = 0
configure:15732: result: yes
configure:15738: checking for clock_nanosleep
configure:15738: /home/czz/work/rk3588/buildroot/output/rockchip_rk3588/host/bin/aarch64-buildroot-linux-gnu-gcc -o conftest -D_LARGEFILE_SOURCE -D_LARGEFILE64_SOURCE -D_FILE_OFFSET_BITS=64  -Os -g0 -D_FORTIFY_SOURCE=1 -D_LARGEFILE_SOURCE -D_LARGEFILE64_SOURCE -D_FILE_OFFSET_BITS=64  conftest.c  -lrt -lpthread >&5
configure:15738: $? = 0
configure:15738: result: yes
configure:15744: checking for shm_open
configure:15744: /home/czz/work/rk3588/buildroot/output/rockchip_rk3588/host/bin/aarch64-buildroot-linux-gnu-gcc -o conftest -D_LARGEFILE_SOURCE -D_LARGEFILE64_SOURCE -D_FILE_OFFSET_BITS=64  -Os -g0 -D_FORTIFY_SOURCE=1 -D_LARGEFILE_SOURCE -D_LARGEFILE64_SOURCE -D_FILE_OFFSET_BITS=64  conftest.c  -lrt -lpthread >&5
configure:15744: $? = 0
configure:15744: result: yes
configure:15750: checking for shm_unlink
configure:15750: /home/czz/work/rk3588/buildroot/output/rockchip_rk3588/host/bin/aarch64-buildroot-linux-gnu-gcc -o conftest -D_LARGEFILE_SOURCE -D_LARGEFILE64_SOURCE -D_FILE_OFFSET_BITS=64  -Os -g0 -D_FORTIFY_SOURCE=1 -D_LARGEFILE_SOURCE -D_LARGEFILE64_SOURCE -D_FILE_OFFSET_BITS=64  conftest.c  -lrt -lpthread >&5
configure:15750: $? = 0
configure:15750: result: yes
configure:15756: checking for backtrace
configure:15756: /home/czz/work/rk3588/buildroot/output/rockchip_rk3588/host/bin/aarch64-buildroot-linux-gnu-gcc -o conftest -D_LARGEFILE_SOURCE -D_LARGEFILE64_SOURCE -D_FILE_OFFSET_BITS=64  -Os -g0 -D_FORTIFY_SOURCE=1 -D_LARGEFILE_SOURCE -D_LARGEFILE64_SOURCE -D_FILE_OFFSET_BITS=64  conftest.c  -lrt -lpthread >&5
configure:15756: $? = 0
configure:15756: result: yes
configure:15767: checking for /home/czz/work/rk3588/buildroot/output/rockchip_rk3588/host/bin/aarch64-buildroot-linux-gnu-gcc options needed to detect all undeclared functions
configure:15789: /home/czz/work/rk3588/buildroot/output/rockchip_rk3588/host/bin/aarch64-buildroot-linux-gnu-gcc -c -D_LARGEFILE_SOURCE -D_LARGEFILE64_SOURCE -D_FILE_OFFSET_BITS=64  -Os -g0 -D_FORTIFY_SOURCE=1  -D_LARGEFILE_SOURCE -D_LARGEFILE64_SOURCE -D_FILE_OFFSET_BITS=64 -D_GNU_SOURCE conftest.c >&5
conftest.c: In function 'main':
conftest.c:58:8: error: 'strchr' undeclared (first use in this function)
   58 | (void) strchr;
      |        ^~~~~~
conftest.c:1:1: note: 'strchr' is defined in header '<string.h>'; did you forget to '#include <string.h>'?
    1 | /* confdefs.h */
conftest.c:58:8: note: each undeclared identifier is reported only once for each function it appears in
   58 | (void) strchr;
      |        ^~~~~~
configure:15789: $? = 1
configure: failed program was:
| /* confdefs.h */
| #define PACKAGE_NAME "Xenomai"
| #define PACKAGE_TARNAME "xenomai"
| #define PACKAGE_VERSION "3.2.2"
| #define PACKAGE_STRING "Xenomai 3.2.2"
| #define PACKAGE_BUGREPORT "xenomai@xenomai.org"
| #define PACKAGE_URL ""
| #define CONFIG_XENO_MERCURY 1
| #define CONFIG_XENO_BUILD_STRING "x86_64-pc-linux-gnu"
| #define CONFIG_XENO_HOST_STRING "aarch64-buildroot-linux-gnu"
| #define CONFIG_XENO_COMPILER "collect2: error: ld returned 1 exit status"
| #define PACKAGE "xenomai"
| #define VERSION "3.2.2"
| #define YYTEXT_POINTER 1
| #define HAVE_STDIO_H 1
| #define HAVE_STDLIB_H 1
| #define HAVE_STRING_H 1
| #define HAVE_INTTYPES_H 1
| #define HAVE_STDINT_H 1
| #define HAVE_STRINGS_H 1
| #define HAVE_SYS_STAT_H 1
| #define HAVE_SYS_TYPES_H 1
| #define HAVE_UNISTD_H 1
| #define STDC_HEADERS 1
| #define HAVE_DLFCN_H 1
| #define LT_OBJDIR ".libs/"
| #define CONFIG_XENO_LORES_CLOCK_DISABLED 1
| #define CONFIG_XENO_SANITY 1
| #define HAVE_OBSTACK_H 1
| #define HAVE_MQUEUE_H 1
| #define HAVE_PTHREAD_MUTEXATTR_SETPROTOCOL 1
| #define HAVE_PTHREAD_MUTEXATTR_GETPROTOCOL 1
| #define HAVE_PTHREAD_MUTEXATTR_GETPRIOCEILING 1
| #define HAVE_PTHREAD_MUTEXATTR_SETPRIOCEILING 1
| #define HAVE_PTHREAD_MUTEXATTR_SETROBUST 1
| #define HAVE_PTHREAD_MUTEX_GETPRIOCEILING 1
| #define HAVE_PTHREAD_MUTEX_SETPRIOCEILING 1
| #define HAVE_PTHREAD_CONDATTR_GETCLOCK 1
| #define HAVE_PTHREAD_CONDATTR_SETCLOCK 1
| #define HAVE_PTHREAD_SPIN_LOCK 1
| #define HAVE_FORK 1
| #define HAVE_PTHREAD_ATTR_SETAFFINITY_NP 1
| #define HAVE_PTHREAD_SETAFFINITY_NP 1
| #define HAVE_PTHREAD_GETATTR_NP 1
| #define HAVE_PTHREAD_ATFORK 1
| #define HAVE_PTHREAD_SETNAME_NP 1
| #define HAVE_PTHREAD_SETSCHEDPRIO 1
| #define HAVE_SCHED_GETCPU 1
| #define HAVE_CLOCK_NANOSLEEP 1
| #define HAVE_SHM_OPEN 1
| #define HAVE_SHM_UNLINK 1
| #define HAVE_BACKTRACE 1
| /* end confdefs.h.  */
| 
| int
| main (void)
| {
| (void) strchr;
|   ;
|   return 0;
| }
configure:15816: /home/czz/work/rk3588/buildroot/output/rockchip_rk3588/host/bin/aarch64-buildroot-linux-gnu-gcc -c -D_LARGEFILE_SOURCE -D_LARGEFILE64_SOURCE -D_FILE_OFFSET_BITS=64  -Os -g0 -D_FORTIFY_SOURCE=1  -D_LARGEFILE_SOURCE -D_LARGEFILE64_SOURCE -D_FILE_OFFSET_BITS=64 -D_GNU_SOURCE conftest.c >&5
configure:15816: $? = 0
configure:15833: result: none needed
configure:15847: checking whether PTHREAD_PRIO_NONE is declared
configure:15847: /home/czz/work/rk3588/buildroot/output/rockchip_rk3588/host/bin/aarch64-buildroot-linux-gnu-gcc -c -D_LARGEFILE_SOURCE -D_LARGEFILE64_SOURCE -D_FILE_OFFSET_BITS=64  -Os -g0 -D_FORTIFY_SOURCE=1  -D_LARGEFILE_SOURCE -D_LARGEFILE64_SOURCE -D_FILE_OFFSET_BITS=64 -D_GNU_SOURCE conftest.c >&5
configure:15847: $? = 0
configure:15847: result: yes
configure:15857: checking whether PTHREAD_RECURSIVE_MUTEX_INITIALIZER_NP is declared
configure:15857: /home/czz/work/rk3588/buildroot/output/rockchip_rk3588/host/bin/aarch64-buildroot-linux-gnu-gcc -c -D_LARGEFILE_SOURCE -D_LARGEFILE64_SOURCE -D_FILE_OFFSET_BITS=64  -Os -g0 -D_FORTIFY_SOURCE=1  -D_LARGEFILE_SOURCE -D_LARGEFILE64_SOURCE -D_FILE_OFFSET_BITS=64 -D_GNU_SOURCE conftest.c >&5
configure:15857: $? = 0
configure:15857: result: yes
configure:15867: checking whether PTHREAD_ERRORCHECK_MUTEX_INITIALIZER_NP is declared
configure:15867: /home/czz/work/rk3588/buildroot/output/rockchip_rk3588/host/bin/aarch64-buildroot-linux-gnu-gcc -c -D_LARGEFILE_SOURCE -D_LARGEFILE64_SOURCE -D_FILE_OFFSET_BITS=64  -Os -g0 -D_FORTIFY_SOURCE=1  -D_LARGEFILE_SOURCE -D_LARGEFILE64_SOURCE -D_FILE_OFFSET_BITS=64 -D_GNU_SOURCE conftest.c >&5
configure:15867: $? = 0
configure:15867: result: yes
configure:15881: checking for pthread_condattr_setclock
configure:15881: result: yes
configure:15995: checking whether the compiler provides atomic builtins
configure:16017: /home/czz/work/rk3588/buildroot/output/rockchip_rk3588/host/bin/aarch64-buildroot-linux-gnu-gcc -o conftest -D_LARGEFILE_SOURCE -D_LARGEFILE64_SOURCE -D_FILE_OFFSET_BITS=64  -Os -g0 -D_FORTIFY_SOURCE=1 -D_LARGEFILE_SOURCE -D_LARGEFILE64_SOURCE -D_FILE_OFFSET_BITS=64  conftest.c  >&5
configure:16017: $? = 0
configure:16025: result: yes
configure:16032: checking for fortify support
configure:16043: result: autodetect
configure:16045: checking for __vfprintf_chk
configure:16045: /home/czz/work/rk3588/buildroot/output/rockchip_rk3588/host/bin/aarch64-buildroot-linux-gnu-gcc -o conftest -D_LARGEFILE_SOURCE -D_LARGEFILE64_SOURCE -D_FILE_OFFSET_BITS=64  -Os -g0 -D_FORTIFY_SOURCE=1 -D_LARGEFILE_SOURCE -D_LARGEFILE64_SOURCE -D_FILE_OFFSET_BITS=64  conftest.c  >&5
conftest.c:84:6: warning: conflicting types for built-in function '__vfprintf_chk'; expected 'int(void *, int,  const char *, __va_list)' [-Wbuiltin-declaration-mismatch]
   84 | char __vfprintf_chk ();
      |      ^~~~~~~~~~~~~~
configure:16045: $? = 0
configure:16045: result: yes
configure:16095: checking whether ld supports @file
configure:16114: /home/czz/work/rk3588/buildroot/output/rockchip_rk3588/host/bin/aarch64-buildroot-linux-gnu-gcc -o conftest -D_LARGEFILE_SOURCE -D_LARGEFILE64_SOURCE -D_FILE_OFFSET_BITS=64  -Os -g0 -D_FORTIFY_SOURCE=1 -D_LARGEFILE_SOURCE -D_LARGEFILE64_SOURCE -D_FILE_OFFSET_BITS=64 -Wl,@/dev/null conftest.c  >&5
conftest.c:69:1: warning: return type defaults to 'int' [-Wimplicit-int]
   69 | main(){}
      | ^~~~
configure:16114: $? = 0
configure:16131: result: yes
configure:16136: checking whether to enable dlopening of Xenomai libraries
configure:16147: result: no
configure:16172: checking whether to enable TLS support
configure:16180: result: no
configure:16215: checking location for test executables
configure:16233: result: ${exec_prefix}/bin
configure:16237: checking location for demo programs
configure:16255: result: ${exec_prefix}/demo
configure:16258: checking for test source generation
configure:16262: result: untestable
configure:16317: checking whether to enable soname suffix for libraries
configure:16327: result: no
configure:16487: checking that generated files are newer than configure
configure:16493: result: done
configure:16572: creating ./config.status

## ---------------------- ##
## Running config.status. ##
## ---------------------- ##

This file was extended by Xenomai config.status 3.2.2, which was
generated by GNU Autoconf 2.71.  Invocation command line was

  CONFIG_FILES    = 
  CONFIG_HEADERS  = 
  CONFIG_LINKS    = 
  CONFIG_COMMANDS = 
  $ ./config.status 

on czz

config.status:1364: creating Makefile
config.status:1364: creating config/Makefile
config.status:1364: creating scripts/Makefile
config.status:1364: creating scripts/xeno-config
config.status:1364: creating scripts/xeno
config.status:1364: creating lib/Makefile
config.status:1364: creating lib/boilerplate/Makefile
config.status:1364: creating lib/boilerplate/init/Makefile
config.status:1364: creating lib/cobalt/Makefile
config.status:1364: creating lib/cobalt/arch/Makefile
config.status:1364: creating lib/cobalt/arch/arm/Makefile
config.status:1364: creating lib/cobalt/arch/arm/include/Makefile
config.status:1364: creating lib/cobalt/arch/arm/include/asm/Makefile
config.status:1364: creating lib/cobalt/arch/arm/include/asm/xenomai/Makefile
config.status:1364: creating lib/cobalt/arch/arm64/Makefile
config.status:1364: creating lib/cobalt/arch/arm64/include/Makefile
config.status:1364: creating lib/cobalt/arch/arm64/include/asm/Makefile
config.status:1364: creating lib/cobalt/arch/arm64/include/asm/xenomai/Makefile
config.status:1364: creating lib/cobalt/arch/powerpc/Makefile
config.status:1364: creating lib/cobalt/arch/powerpc/include/Makefile
config.status:1364: creating lib/cobalt/arch/powerpc/include/asm/Makefile
config.status:1364: creating lib/cobalt/arch/powerpc/include/asm/xenomai/Makefile
config.status:1364: creating lib/cobalt/arch/x86/Makefile
config.status:1364: creating lib/cobalt/arch/x86/include/Makefile
config.status:1364: creating lib/cobalt/arch/x86/include/asm/Makefile
config.status:1364: creating lib/cobalt/arch/x86/include/asm/xenomai/Makefile
config.status:1364: creating lib/mercury/Makefile
config.status:1364: creating lib/copperplate/Makefile
config.status:1364: creating lib/copperplate/regd/Makefile
config.status:1364: creating lib/alchemy/Makefile
config.status:1364: creating lib/vxworks/Makefile
config.status:1364: creating lib/psos/Makefile
config.status:1364: creating lib/analogy/Makefile
config.status:1364: creating lib/smokey/Makefile
config.status:1364: creating lib/trank/Makefile
config.status:1364: creating testsuite/Makefile
config.status:1364: creating testsuite/latency/Makefile
config.status:1364: creating testsuite/switchtest/Makefile
config.status:1364: creating testsuite/gpiotest/Makefile
config.status:1364: creating testsuite/gpiobench/Makefile
config.status:1364: creating testsuite/spitest/Makefile
config.status:1364: creating testsuite/smokey/Makefile
config.status:1364: creating testsuite/smokey/arith/Makefile
config.status:1364: creating testsuite/smokey/dlopen/Makefile
config.status:1364: creating testsuite/smokey/sched-quota/Makefile
config.status:1364: creating testsuite/smokey/sched-tp/Makefile
config.status:1364: creating testsuite/smokey/setsched/Makefile
config.status:1364: creating testsuite/smokey/rtdm/Makefile
config.status:1364: creating testsuite/smokey/vdso-access/Makefile
config.status:1364: creating testsuite/smokey/posix-cond/Makefile
config.status:1364: creating testsuite/smokey/posix-mutex/Makefile
config.status:1364: creating testsuite/smokey/posix-clock/Makefile
config.status:1364: creating testsuite/smokey/posix-fork/Makefile
config.status:1364: creating testsuite/smokey/posix-select/Makefile
config.status:1364: creating testsuite/smokey/xddp/Makefile
config.status:1364: creating testsuite/smokey/iddp/Makefile
config.status:1364: creating testsuite/smokey/bufp/Makefile
config.status:1364: creating testsuite/smokey/sigdebug/Makefile
config.status:1364: creating testsuite/smokey/timerfd/Makefile
config.status:1364: creating testsuite/smokey/tsc/Makefile
config.status:1364: creating testsuite/smokey/leaks/Makefile
config.status:1364: creating testsuite/smokey/memcheck/Makefile
config.status:1364: creating testsuite/smokey/memory-coreheap/Makefile
config.status:1364: creating testsuite/smokey/memory-heapmem/Makefile
config.status:1364: creating testsuite/smokey/memory-tlsf/Makefile
config.status:1364: creating testsuite/smokey/memory-pshared/Makefile
config.status:1364: creating testsuite/smokey/fpu-stress/Makefile
config.status:1364: creating testsuite/smokey/net_udp/Makefile
config.status:1364: creating testsuite/smokey/net_packet_dgram/Makefile
config.status:1364: creating testsuite/smokey/net_packet_raw/Makefile
config.status:1364: creating testsuite/smokey/net_common/Makefile
config.status:1364: creating testsuite/smokey/cpu-affinity/Makefile
config.status:1364: creating testsuite/smokey/gdb/Makefile
config.status:1364: creating testsuite/smokey/y2038/Makefile
config.status:1364: creating testsuite/clocktest/Makefile
config.status:1364: creating testsuite/xeno-test/Makefile
config.status:1364: creating utils/Makefile
config.status:1364: creating utils/hdb/Makefile
config.status:1364: creating utils/can/Makefile
config.status:1364: creating utils/analogy/Makefile
config.status:1364: creating utils/ps/Makefile
config.status:1364: creating utils/slackspot/Makefile
config.status:1364: creating utils/corectl/Makefile
config.status:1364: creating utils/autotune/Makefile
config.status:1364: creating utils/net/rtnet
config.status:1364: creating utils/net/rtnet.conf
config.status:1364: creating utils/net/Makefile
config.status:1364: creating utils/chkkconf/Makefile
config.status:1364: creating demo/Makefile
config.status:1364: creating demo/posix/Makefile
config.status:1364: creating demo/posix/cyclictest/Makefile
config.status:1364: creating demo/posix/cobalt/Makefile
config.status:1364: creating demo/alchemy/Makefile
config.status:1364: creating demo/alchemy/cobalt/Makefile
config.status:1364: creating include/Makefile
config.status:1364: creating include/cobalt/uapi/Makefile
config.status:1364: creating include/cobalt/uapi/asm-generic/Makefile
config.status:1364: creating include/cobalt/uapi/kernel/Makefile
config.status:1364: creating include/cobalt/Makefile
config.status:1364: creating include/cobalt/sys/Makefile
config.status:1364: creating include/cobalt/kernel/Makefile
config.status:1364: creating include/cobalt/kernel/rtdm/Makefile
config.status:1364: creating include/cobalt/kernel/rtdm/analogy/Makefile
config.status:1364: creating include/cobalt/boilerplate/Makefile
config.status:1364: creating include/rtdm/Makefile
config.status:1364: creating include/rtdm/uapi/Makefile
config.status:1364: creating include/mercury/Makefile
config.status:1364: creating include/mercury/boilerplate/Makefile
config.status:1364: creating include/boilerplate/Makefile
config.status:1364: creating include/copperplate/Makefile
config.status:1364: creating include/alchemy/Makefile
config.status:1364: creating include/vxworks/Makefile
config.status:1364: creating include/psos/Makefile
config.status:1364: creating include/smokey/Makefile
config.status:1364: creating include/trank/Makefile
config.status:1364: creating include/trank/posix/Makefile
config.status:1364: creating include/trank/native/Makefile
config.status:1364: creating include/trank/rtdm/Makefile
config.status:1364: creating include/xenomai/Makefile
config.status:1364: creating doc/Makefile
config.status:1364: creating doc/doxygen/Makefile
config.status:1364: creating doc/doxygen/xeno3prm-common.conf
config.status:1364: creating doc/doxygen/xeno3prm-html.conf
config.status:1364: creating doc/doxygen/xeno3prm-latex.conf
config.status:1364: creating doc/gitdoc/Makefile
config.status:1364: creating doc/asciidoc/Makefile
config.status:1364: creating include/xeno_config.h
config.status:1593: executing depfiles commands
config.status:1593: executing libtool commands
configure:18835: WARNING: unrecognized options: --disable-gtk-doc, --disable-gtk-doc-html, --disable-doc, --disable-docs, --disable-documentation, --with-xmlto, --with-fop, --enable-ipv6, --disable-nls

## ---------------- ##
## Cache variables. ##
## ---------------- ##

ac_cv_atomic_builtins=yes
ac_cv_build=x86_64-pc-linux-gnu
ac_cv_build_prog_CPP='/home/czz/work/rk3588/buildroot/output/rockchip_rk3588/host/bin/ccache /usr/bin/gcc -E'
ac_cv_build_prog_cc_g=yes
ac_cv_c_bigendian=no
ac_cv_c_compiler_gnu=yes
ac_cv_c_undeclared_builtin_options='none needed'
ac_cv_env_CCASFLAGS_set=
ac_cv_env_CCASFLAGS_value=
ac_cv_env_CCAS_set=
ac_cv_env_CCAS_value=
ac_cv_env_CC_set=set
ac_cv_env_CC_value=/home/czz/work/rk3588/buildroot/output/rockchip_rk3588/host/bin/aarch64-buildroot-linux-gnu-gcc
ac_cv_env_CFLAGS_set=set
ac_cv_env_CFLAGS_value='-D_LARGEFILE_SOURCE -D_LARGEFILE64_SOURCE -D_FILE_OFFSET_BITS=64  -Os -g0 -D_FORTIFY_SOURCE=1'
ac_cv_env_CPPFLAGS_set=set
ac_cv_env_CPPFLAGS_value='-D_LARGEFILE_SOURCE -D_LARGEFILE64_SOURCE -D_FILE_OFFSET_BITS=64'
ac_cv_env_CPP_set=set
ac_cv_env_CPP_value=/home/czz/work/rk3588/buildroot/output/rockchip_rk3588/host/bin/aarch64-buildroot-linux-gnu-cpp
ac_cv_env_FUSE_CFLAGS_set=
ac_cv_env_FUSE_CFLAGS_value=
ac_cv_env_FUSE_LIBS_set=
ac_cv_env_FUSE_LIBS_value=
ac_cv_env_LDFLAGS_set=set
ac_cv_env_LDFLAGS_value=
ac_cv_env_LIBS_set=
ac_cv_env_LIBS_value=
ac_cv_env_LT_SYS_LIBRARY_PATH_set=
ac_cv_env_LT_SYS_LIBRARY_PATH_value=
ac_cv_env_PKG_CONFIG_LIBDIR_set=
ac_cv_env_PKG_CONFIG_LIBDIR_value=
ac_cv_env_PKG_CONFIG_PATH_set=
ac_cv_env_PKG_CONFIG_PATH_value=
ac_cv_env_PKG_CONFIG_set=set
ac_cv_env_PKG_CONFIG_value=/home/czz/work/rk3588/buildroot/output/rockchip_rk3588/host/bin/pkg-config
ac_cv_env_build_alias_set=set
ac_cv_env_build_alias_value=x86_64-pc-linux-gnu
ac_cv_env_host_alias_set=set
ac_cv_env_host_alias_value=aarch64-buildroot-linux-gnu
ac_cv_env_target_alias_set=set
ac_cv_env_target_alias_value=aarch64-buildroot-linux-gnu
ac_cv_func___vfprintf_chk=yes
ac_cv_func_backtrace=yes
ac_cv_func_calloc_0_nonnull=yes
ac_cv_func_clock_nanosleep=yes
ac_cv_func_fork=yes
ac_cv_func_malloc_0_nonnull=yes
ac_cv_func_memcmp_working=yes
ac_cv_func_mmap_fixed_mapped=yes
ac_cv_func_pthread_atfork=yes
ac_cv_func_pthread_attr_setaffinity_np=yes
ac_cv_func_pthread_condattr_getclock=yes
ac_cv_func_pthread_condattr_setclock=yes
ac_cv_func_pthread_getattr_np=yes
ac_cv_func_pthread_mutex_getprioceiling=yes
ac_cv_func_pthread_mutex_setprioceiling=yes
ac_cv_func_pthread_mutexattr_getprioceiling=yes
ac_cv_func_pthread_mutexattr_getprotocol=yes
ac_cv_func_pthread_mutexattr_setprioceiling=yes
ac_cv_func_pthread_mutexattr_setprotocol=yes
ac_cv_func_pthread_mutexattr_setrobust=yes
ac_cv_func_pthread_mutexattr_setrobust_np=no
ac_cv_func_pthread_setaffinity_np=yes
ac_cv_func_pthread_setname_np=yes
ac_cv_func_pthread_setschedprio=yes
ac_cv_func_pthread_spin_lock=yes
ac_cv_func_realloc_0_nonnull=yes
ac_cv_func_sched_getcpu=yes
ac_cv_func_shm_open=yes
ac_cv_func_shm_unlink=yes
ac_cv_have_decl_PTHREAD_ERRORCHECK_MUTEX_INITIALIZER_NP=yes
ac_cv_have_decl_PTHREAD_PRIO_NONE=yes
ac_cv_have_decl_PTHREAD_RECURSIVE_MUTEX_INITIALIZER_NP=yes
ac_cv_have_decl_malloc=yes
ac_cv_header_dlfcn_h=yes
ac_cv_header_inttypes_h=yes
ac_cv_header_mqueue_h=yes
ac_cv_header_obstack_h=yes
ac_cv_header_stdint_h=yes
ac_cv_header_stdio_h=yes
ac_cv_header_stdlib_h=yes
ac_cv_header_string_h=yes
ac_cv_header_strings_h=yes
ac_cv_header_sys_stat_h=yes
ac_cv_header_sys_types_h=yes
ac_cv_header_unistd_h=yes
ac_cv_header_valgrind_valgrind_h=no
ac_cv_host=aarch64-buildroot-linux-gnu
ac_cv_lbl_unaligned_fail=yes
ac_cv_ld_file_option=yes
ac_cv_lib_lex='none needed'
ac_cv_objext=o
ac_cv_path_EGREP='/usr/bin/grep -E'
ac_cv_path_FGREP='/usr/bin/grep -F'
ac_cv_path_GREP=/usr/bin/grep
ac_cv_path_SED=/usr/bin/sed
ac_cv_path_install='/usr/bin/install -c'
ac_cv_path_lt_DD=/usr/bin/dd
ac_cv_path_mkdir=/usr/bin/mkdir
ac_cv_prog_AR=/home/czz/work/rk3588/buildroot/output/rockchip_rk3588/host/bin/aarch64-buildroot-linux-gnu-ar
ac_cv_prog_AWK=gawk
ac_cv_prog_CC=/home/czz/work/rk3588/buildroot/output/rockchip_rk3588/host/bin/aarch64-buildroot-linux-gnu-gcc
ac_cv_prog_CC_FOR_BUILD='/home/czz/work/rk3588/buildroot/output/rockchip_rk3588/host/bin/ccache /usr/bin/gcc'
ac_cv_prog_CPP=/home/czz/work/rk3588/buildroot/output/rockchip_rk3588/host/bin/aarch64-buildroot-linux-gnu-cpp
ac_cv_prog_DOXYGEN=doxygen
ac_cv_prog_DOXYGEN_HAVE_DOT=YES
ac_cv_prog_LEX=flex
ac_cv_prog_OBJDUMP=/home/czz/work/rk3588/buildroot/output/rockchip_rk3588/host/bin/aarch64-buildroot-linux-gnu-objdump
ac_cv_prog_RANLIB=/home/czz/work/rk3588/buildroot/output/rockchip_rk3588/host/bin/aarch64-buildroot-linux-gnu-ranlib
ac_cv_prog_STRIP=/home/czz/work/rk3588/buildroot/output/rockchip_rk3588/host/bin/aarch64-buildroot-linux-gnu-strip
ac_cv_prog_ac_ct_MANIFEST_TOOL=mt
ac_cv_prog_cc_c11=
ac_cv_prog_cc_g=yes
ac_cv_prog_cc_stdc=
ac_cv_prog_lex_root=lex.yy
ac_cv_prog_lex_yytext_pointer=yes
ac_cv_prog_make_make_set=yes
ac_cv_search_yywrap=no
ac_cv_target=aarch64-buildroot-linux-gnu
am_cv_CCAS_dependencies_compiler_type=none
am_cv_CC_dependencies_compiler_type=none
am_cv_make_support_nested_variables=yes
am_cv_prog_cc_c_o=yes
am_cv_prog_tar_ustar=gnutar
gl_cv_func_malloc_0_nonnull=yes
lt_cv_ar_at_file=@
lt_cv_archive_cmds_need_lc=no
lt_cv_deplibs_check_method=pass_all
lt_cv_file_magic_cmd='$MAGIC_CMD'
lt_cv_file_magic_test_file=
lt_cv_ld_reload_flag=-r
lt_cv_nm_interface='BSD nm'
lt_cv_objdir=.libs
lt_cv_path_LD=/home/czz/work/rk3588/buildroot/output/rockchip_rk3588/host/bin/aarch64-buildroot-linux-gnu-ld
lt_cv_path_NM=/home/czz/work/rk3588/buildroot/output/rockchip_rk3588/host/bin/aarch64-buildroot-linux-gnu-nm
lt_cv_path_mainfest_tool=no
lt_cv_prog_compiler_c_o=yes
lt_cv_prog_compiler_pic='-fPIC -DPIC'
lt_cv_prog_compiler_pic_works=yes
lt_cv_prog_compiler_rtti_exceptions=no
lt_cv_prog_compiler_static_works=yes
lt_cv_prog_gnu_ld=yes
lt_cv_sharedlib_from_linklib_cmd='printf %s\n'
lt_cv_shlibpath_overrides_runpath=no
lt_cv_sys_global_symbol_pipe='sed -n -e '\''s/^.*[	 ]\([ABCDGIRSTW][ABCDGIRSTW]*\)[	 ][	 ]*\([_A-Za-z][_A-Za-z0-9]*\)$/\1 \2 \2/p'\'' | sed '\''/ __gnu_lto/d'\'''
lt_cv_sys_global_symbol_to_c_name_address='sed -n -e '\''s/^: \(.*\) .*$/  {"\1", (void *) 0},/p'\'' -e '\''s/^[ABCDGIRSTW][ABCDGIRSTW]* .* \(.*\)$/  {"\1", (void *) \&\1},/p'\'''
lt_cv_sys_global_symbol_to_c_name_address_lib_prefix='sed -n -e '\''s/^: \(.*\) .*$/  {"\1", (void *) 0},/p'\'' -e '\''s/^[ABCDGIRSTW][ABCDGIRSTW]* .* \(lib.*\)$/  {"\1", (void *) \&\1},/p'\'' -e '\''s/^[ABCDGIRSTW][ABCDGIRSTW]* .* \(.*\)$/  {"lib\1", (void *) \&\1},/p'\'''
lt_cv_sys_global_symbol_to_cdecl='sed -n -e '\''s/^T .* \(.*\)$/extern int \1();/p'\'' -e '\''s/^[ABCDGIRSTW][ABCDGIRSTW]* .* \(.*\)$/extern char \1;/p'\'''
lt_cv_sys_global_symbol_to_import=
lt_cv_sys_lib_search_path_spec=
lt_cv_sys_max_cmd_len=1572864
lt_cv_sys_symbol_underscore=no
lt_cv_to_host_file_cmd=func_convert_file_noop
lt_cv_to_tool_file_cmd=func_convert_file_noop
lt_cv_truncate_bin='/usr/bin/dd bs=4096 count=1'

## ----------------- ##
## Output variables. ##
## ----------------- ##

A2X=''
ACLOCAL='${SHELL} '\''/home/czz/work/rk3588/buildroot/output/rockchip_rk3588/build/xenomai-v3.2.2/config/missing'\'' aclocal-1.16'
AMDEPBACKSLASH=''
AMDEP_FALSE=''
AMDEP_TRUE='#'
AMTAR='$${TAR-tar}'
AM_BACKSLASH='\'
AM_DEFAULT_V='$(AM_DEFAULT_VERBOSITY)'
AM_DEFAULT_VERBOSITY='0'
AM_V='$(V)'
AR='/home/czz/work/rk3588/buildroot/output/rockchip_rk3588/host/bin/aarch64-buildroot-linux-gnu-ar'
ASCIIDOC=''
ASCIIDODC=''
AUTOCONF='${SHELL} '\''/home/czz/work/rk3588/buildroot/output/rockchip_rk3588/build/xenomai-v3.2.2/config/missing'\'' autoconf'
AUTOHEADER='${SHELL} '\''/home/czz/work/rk3588/buildroot/output/rockchip_rk3588/build/xenomai-v3.2.2/config/missing'\'' autoheader'
AUTOMAKE='${SHELL} '\''/home/czz/work/rk3588/buildroot/output/rockchip_rk3588/build/xenomai-v3.2.2/config/missing'\'' automake-1.16'
AWK='gawk'
BUILD_EXEEXT=''
BUILD_OBJEXT=''
CC='/home/czz/work/rk3588/buildroot/output/rockchip_rk3588/host/bin/aarch64-buildroot-linux-gnu-gcc'
CCAS='/home/czz/work/rk3588/buildroot/output/rockchip_rk3588/host/bin/aarch64-buildroot-linux-gnu-gcc'
CCASDEPMODE='depmode=none'
CCASFLAGS='-D_LARGEFILE_SOURCE -D_LARGEFILE64_SOURCE -D_FILE_OFFSET_BITS=64  -Os -g0 -D_FORTIFY_SOURCE=1'
CCDEPMODE='depmode=none'
CC_FOR_BUILD='/home/czz/work/rk3588/buildroot/output/rockchip_rk3588/host/bin/ccache /usr/bin/gcc'
CFLAGS='-D_LARGEFILE_SOURCE -D_LARGEFILE64_SOURCE -D_FILE_OFFSET_BITS=64  -Os -g0 -D_FORTIFY_SOURCE=1'
CFLAGS_FOR_BUILD='-O2 -I/home/czz/work/rk3588/buildroot/output/rockchip_rk3588/host/include'
CHECKFLAGS='-nostdinc -isystem $(SYSROOT)/usr/include -Wbitwise -Wno-transparent-union -D_GNU_SOURCE -D_XOPEN_SOURCE=500 -D_REENTRANT $(DEFS) $(DEFAULT_INCLUDES) $(INCLUDES) $(AM_CPPFLAGS) $(CPPFLAGS) -I$(top_srcdir)/include -isystem $(shell $(CC) -print-file-name=include) -include $(top_builddir)/include/xeno_config.h $(shell $(CC) -dM -E -xc /dev/null|sed -e '\''s/^\#define /-D/'\'' -e "s/ /=\'\''/" -e "s/$$/\'\''/")'
CONFIG_STATUS_DEPENDENCIES=''
CONFIG_XENO_LIBS_DLOPEN_FALSE=''
CONFIG_XENO_LIBS_DLOPEN_TRUE='#'
CONFIG_XENO_SHARED_FALSE='#'
CONFIG_XENO_SHARED_TRUE=''
CORE=''
CPP='/home/czz/work/rk3588/buildroot/output/rockchip_rk3588/host/bin/aarch64-buildroot-linux-gnu-cpp'
CPPFLAGS='-D_LARGEFILE_SOURCE -D_LARGEFILE64_SOURCE -D_FILE_OFFSET_BITS=64'
CPPFLAGS_FOR_BUILD='-I/home/czz/work/rk3588/buildroot/output/rockchip_rk3588/host/include'
CPP_FOR_BUILD='/home/czz/work/rk3588/buildroot/output/rockchip_rk3588/host/bin/ccache /usr/bin/gcc -E'
CSCOPE='cscope'
CTAGS='ctags'
CYGPATH_W='echo'
DEFS='-DHAVE_CONFIG_H'
DEPDIR='.deps'
DLLTOOL='false'
DOXYGEN='doxygen'
DOXYGEN_HAVE_DOT='YES'
DOXYGEN_SHOW_INCLUDE_FILES='NO'
DSYMUTIL=''
DUMPBIN=''
ECHO_C=''
ECHO_N='-n'
ECHO_T=''
EGREP='/usr/bin/grep -E'
ETAGS='etags'
EXEEXT=''
FGREP='/usr/bin/grep -F'
FUSE_CFLAGS=''
FUSE_LIBS=''
GREP='/usr/bin/grep'
INSTALL_DATA='${INSTALL} -m 644'
INSTALL_PROGRAM='${INSTALL}'
INSTALL_SCRIPT='${INSTALL}'
INSTALL_STRIP_PROGRAM='$(install_sh) -c -s'
LATEX_BATCHMODE='YES'
LATEX_MODE='batch'
LD='/home/czz/work/rk3588/buildroot/output/rockchip_rk3588/host/bin/aarch64-buildroot-linux-gnu-ld'
LDFLAGS=''
LD_FILE_OPTION='yes'
LEX='flex'
LEXLIB=''
LEX_OUTPUT_ROOT='lex.yy'
LIBOBJS=''
LIBS=''
LIBTOOL='$(SHELL) $(top_builddir)/libtool'
LIPO=''
LN_S='ln -s'
LTLIBOBJS=''
LT_SYS_LIBRARY_PATH=''
MAINT='#'
MAINTAINER_MODE_FALSE=''
MAINTAINER_MODE_TRUE='#'
MAKEINFO='${SHELL} '\''/home/czz/work/rk3588/buildroot/output/rockchip_rk3588/build/xenomai-v3.2.2/config/missing'\'' makeinfo'
MANIFEST_TOOL=':'
MKDIR_P='/usr/bin/mkdir -p'
NM='/home/czz/work/rk3588/buildroot/output/rockchip_rk3588/host/bin/aarch64-buildroot-linux-gnu-nm'
NMEDIT=''
OBJDUMP='/home/czz/work/rk3588/buildroot/output/rockchip_rk3588/host/bin/aarch64-buildroot-linux-gnu-objdump'
OBJEXT='o'
OTOOL64=''
OTOOL=''
PACKAGE='xenomai'
PACKAGE_BUGREPORT='xenomai@xenomai.org'
PACKAGE_NAME='Xenomai'
PACKAGE_STRING='Xenomai 3.2.2'
PACKAGE_TARNAME='xenomai'
PACKAGE_URL=''
PACKAGE_VERSION='3.2.2'
PATH_SEPARATOR=':'
PKG_CONFIG='/home/czz/work/rk3588/buildroot/output/rockchip_rk3588/host/bin/pkg-config'
PKG_CONFIG_LIBDIR=''
PKG_CONFIG_PATH=''
RANLIB='/home/czz/work/rk3588/buildroot/output/rockchip_rk3588/host/bin/aarch64-buildroot-linux-gnu-ranlib'
SED='/usr/bin/sed'
SET_MAKE=''
SHELL='/bin/bash'
STRIP='/home/czz/work/rk3588/buildroot/output/rockchip_rk3588/host/bin/aarch64-buildroot-linux-gnu-strip'
VERSION='3.2.2'
W3M=''
XENO_AUTOINIT_LDFLAGS='$(top_builddir)/lib/boilerplate/init/bootstrap-internal.o -Wl,--wrap=main -Wl,--dynamic-list=/home/czz/work/rk3588/buildroot/output/rockchip_rk3588/build/xenomai-v3.2.2/scripts/dynlist.ld'
XENO_BUILD_ARGS=' '\''--target=aarch64-buildroot-linux-gnu'\'' '\''--host=aarch64-buildroot-linux-gnu'\'' '\''--build=x86_64-pc-linux-gnu'\'' '\''--prefix=/usr'\'' '\''--exec-prefix=/usr'\'' '\''--sysconfdir=/etc'\'' '\''--localstatedir=/var'\'' '\''--program-prefix='\'' '\''--disable-gtk-doc'\'' '\''--disable-gtk-doc-html'\'' '\''--disable-doc'\'' '\''--disable-docs'\'' '\''--disable-documentation'\'' '\''--with-xmlto=no'\'' '\''--with-fop=no'\'' '\''--disable-dependency-tracking'\'' '\''--enable-ipv6'\'' '\''--disable-nls'\'' '\''--disable-static'\'' '\''--enable-shared'\'' '\''--disable-demo'\'' '\''--disable-testsuite'\'' '\''--includedir=/usr/include/xenomai/'\'' '\''--with-core=mercury'\'' '\''--enable-smp'\'' '\''--disable-registry'\'' '\''build_alias=x86_64-pc-linux-gnu'\'' '\''host_alias=aarch64-buildroot-linux-gnu'\'' '\''target_alias=aarch64-buildroot-linux-gnu'\'' '\''CC=/home/czz/work/rk3588/buildroot/output/rockchip_rk3588/host/bin/aarch64-buildroot-linux-gnu-gcc'\'' '\''CFLAGS=-D_LARGEFILE_SOURCE -D_LARGEFILE64_SOURCE -D_FILE_OFFSET_BITS=64  -Os -g0 -D_FORTIFY_SOURCE=1'\'' '\''LDFLAGS='\'' '\''CPPFLAGS=-D_LARGEFILE_SOURCE -D_LARGEFILE64_SOURCE -D_FILE_OFFSET_BITS=64'\'' '\''CPP=/home/czz/work/rk3588/buildroot/output/rockchip_rk3588/host/bin/aarch64-buildroot-linux-gnu-cpp'\'' '\''PKG_CONFIG=/home/czz/work/rk3588/buildroot/output/rockchip_rk3588/host/bin/pkg-config'\'''
XENO_BUILD_COMPILER='collect2: error: ld returned 1 exit status'
XENO_BUILD_DOC_FALSE=''
XENO_BUILD_DOC_TRUE='#'
XENO_BUILD_STRING='x86_64-pc-linux-gnu'
XENO_COBALT_CFLAGS=''
XENO_COBALT_FALSE=''
XENO_COBALT_TRUE='#'
XENO_CORE_LDADD='$(top_builddir)/lib/mercury/libmercury.la'
XENO_DEBUG_FALSE=''
XENO_DEBUG_FULL_FALSE=''
XENO_DEBUG_FULL_TRUE='#'
XENO_DEBUG_TRUE='#'
XENO_DEMO_DIR='${exec_prefix}/demo'
XENO_DOC_GIT=''
XENO_ENABLE_DEMO_FALSE=''
XENO_ENABLE_DEMO_TRUE='#'
XENO_ENABLE_TESTSUITE_FALSE=''
XENO_ENABLE_TESTSUITE_TRUE='#'
XENO_FUSE_CFLAGS=''
XENO_HEAPMEM_FALSE='#'
XENO_HEAPMEM_TRUE=''
XENO_HOST_STRING='aarch64-buildroot-linux-gnu'
XENO_LIB_LDFLAGS='-Wl,-z -Wl,nodlopen'
XENO_MERCURY_FALSE='#'
XENO_MERCURY_TRUE=''
XENO_POSIX_WRAPPERS=''
XENO_PRIVATE_OBSTACK_FALSE=''
XENO_PRIVATE_OBSTACK_TRUE='#'
XENO_PSHARED_FALSE=''
XENO_PSHARED_TRUE='#'
XENO_REGISTRY_FALSE=''
XENO_REGISTRY_TRUE='#'
XENO_SYMBOL_PREFIX=''
XENO_TARGET_ARCH='arm64'
XENO_TARGET_CORE='mercury'
XENO_TEST_DIR='${exec_prefix}/bin'
XENO_TLSF_FALSE=''
XENO_TLSF_TRUE='#'
XENO_USER_APP_CFLAGS='-D_LARGEFILE_SOURCE -D_LARGEFILE64_SOURCE -D_FILE_OFFSET_BITS=64  -Os -g0 -D_FORTIFY_SOURCE=1 -D_GNU_SOURCE -D_REENTRANT -fasynchronous-unwind-tables'
XENO_USER_APP_LDFLAGS='  '
XENO_USER_CFLAGS='-DNDEBUG -O2 -D_GNU_SOURCE -D_REENTRANT -fasynchronous-unwind-tables -pipe -fstrict-aliasing -Wall -Wstrict-prototypes -Wmissing-prototypes -Wno-long-long -Wno-unused-parameter -Wno-format-truncation -Werror -Wformat-security -D__XENO__ -D__IN_XENO__ -I/home/czz/work/rk3588/buildroot/output/rockchip_rk3588/build/xenomai-v3.2.2/include/mercury'
XENO_USER_CFLAGS_STDLIB='-DNDEBUG -O2 -D_GNU_SOURCE -D_REENTRANT -fasynchronous-unwind-tables -pipe -fstrict-aliasing -Wall -Wstrict-prototypes -Wmissing-prototypes -Wno-long-long -Wno-unused-parameter -Wno-format-truncation -Werror -Wformat-security -D__XENO__ -D__IN_XENO__'
XENO_USER_LDADD=''
ac_ct_AR=''
ac_ct_CC=''
ac_ct_CC_FOR_BUILD=''
ac_ct_DUMPBIN=''
am__EXEEXT_FALSE=''
am__EXEEXT_TRUE='#'
am__fastdepCCAS_FALSE=''
am__fastdepCCAS_TRUE='#'
am__fastdepCC_FALSE=''
am__fastdepCC_TRUE='#'
am__include='include'
am__isrc=''
am__leading_dot='.'
am__nodep=''
am__quote=''
am__tar='tar --format=ustar -chf - "$$tardir"'
am__untar='tar -xf -'
bindir='${exec_prefix}/bin'
build='x86_64-pc-linux-gnu'
build_alias='x86_64-pc-linux-gnu'
build_cpu='x86_64'
build_os='linux-gnu'
build_vendor='pc'
datadir='${datarootdir}'
datarootdir='${prefix}/share'
docdir='${datarootdir}/doc/${PACKAGE_TARNAME}'
dvidir='${docdir}'
exec_prefix='/usr'
host='aarch64-buildroot-linux-gnu'
host_alias='aarch64-buildroot-linux-gnu'
host_cpu='aarch64'
host_os='linux-gnu'
host_vendor='buildroot'
htmldir='${docdir}/html'
includedir='/usr/include/xenomai'
infodir='${datarootdir}/info'
install_sh='${SHELL} /home/czz/work/rk3588/buildroot/output/rockchip_rk3588/build/xenomai-v3.2.2/config/install-sh'
libdir='${exec_prefix}/lib'
libexecdir='${exec_prefix}/libexec'
localedir='${datarootdir}/locale'
localstatedir='/var'
mandir='${datarootdir}/man'
mkdir_p='$(MKDIR_P)'
oldincludedir='/usr/include'
pdfdir='${docdir}/pdf'
prefix='/usr'
program_transform_name='s&^&&'
psdir='${docdir}'
runstatedir='${localstatedir}/run'
sbindir='${exec_prefix}/sbin'
sharedstatedir='${prefix}/com'
sys_symbol_underscore='no'
sysconfdir='/etc'
target='aarch64-buildroot-linux-gnu'
target_alias='aarch64-buildroot-linux-gnu'
target_cpu='aarch64'
target_os='linux-gnu'
target_vendor='buildroot'

## ----------- ##
## confdefs.h. ##
## ----------- ##

/* confdefs.h */
#define PACKAGE_NAME "Xenomai"
#define PACKAGE_TARNAME "xenomai"
#define PACKAGE_VERSION "3.2.2"
#define PACKAGE_STRING "Xenomai 3.2.2"
#define PACKAGE_BUGREPORT "xenomai@xenomai.org"
#define PACKAGE_URL ""
#define CONFIG_XENO_MERCURY 1
#define CONFIG_XENO_BUILD_STRING "x86_64-pc-linux-gnu"
#define CONFIG_XENO_HOST_STRING "aarch64-buildroot-linux-gnu"
#define CONFIG_XENO_COMPILER "collect2: error: ld returned 1 exit status"
#define PACKAGE "xenomai"
#define VERSION "3.2.2"
#define YYTEXT_POINTER 1
#define HAVE_STDIO_H 1
#define HAVE_STDLIB_H 1
#define HAVE_STRING_H 1
#define HAVE_INTTYPES_H 1
#define HAVE_STDINT_H 1
#define HAVE_STRINGS_H 1
#define HAVE_SYS_STAT_H 1
#define HAVE_SYS_TYPES_H 1
#define HAVE_UNISTD_H 1
#define STDC_HEADERS 1
#define HAVE_DLFCN_H 1
#define LT_OBJDIR ".libs/"
#define CONFIG_XENO_LORES_CLOCK_DISABLED 1
#define CONFIG_XENO_SANITY 1
#define HAVE_OBSTACK_H 1
#define HAVE_MQUEUE_H 1
#define HAVE_PTHREAD_MUTEXATTR_SETPROTOCOL 1
#define HAVE_PTHREAD_MUTEXATTR_GETPROTOCOL 1
#define HAVE_PTHREAD_MUTEXATTR_GETPRIOCEILING 1
#define HAVE_PTHREAD_MUTEXATTR_SETPRIOCEILING 1
#define HAVE_PTHREAD_MUTEXATTR_SETROBUST 1
#define HAVE_PTHREAD_MUTEX_GETPRIOCEILING 1
#define HAVE_PTHREAD_MUTEX_SETPRIOCEILING 1
#define HAVE_PTHREAD_CONDATTR_GETCLOCK 1
#define HAVE_PTHREAD_CONDATTR_SETCLOCK 1
#define HAVE_PTHREAD_SPIN_LOCK 1
#define HAVE_FORK 1
#define HAVE_PTHREAD_ATTR_SETAFFINITY_NP 1
#define HAVE_PTHREAD_SETAFFINITY_NP 1
#define HAVE_PTHREAD_GETATTR_NP 1
#define HAVE_PTHREAD_ATFORK 1
#define HAVE_PTHREAD_SETNAME_NP 1
#define HAVE_PTHREAD_SETSCHEDPRIO 1
#define HAVE_SCHED_GETCPU 1
#define HAVE_CLOCK_NANOSLEEP 1
#define HAVE_SHM_OPEN 1
#define HAVE_SHM_UNLINK 1
#define HAVE_BACKTRACE 1
#define HAVE_DECL_PTHREAD_PRIO_NONE 1
#define HAVE_DECL_PTHREAD_RECURSIVE_MUTEX_INITIALIZER_NP 1
#define HAVE_DECL_PTHREAD_ERRORCHECK_MUTEX_INITIALIZER_NP 1
#define CONFIG_XENO_VERSION_MAJOR 3
#define CONFIG_XENO_VERSION_MINOR 2
#define CONFIG_XENO_REVISION_LEVEL 2
#define CONFIG_XENO_UAPI_LEVEL 15
#define CONFIG_XENO_VERSION_STRING "3.2.2"
#define CONFIG_XENO_PREFIX "/usr"
#define CONFIG_XENO_BUILD_ARGS " '--target=aarch64-buildroot-linux-gnu' '--host=aarch64-buildroot-linux-gnu' '--build=x86_64-pc-linux-gnu' '--prefix=/usr' '--exec-prefix=/usr' '--sysconfdir=/etc' '--localstatedir=/var' '--program-prefix=' '--disable-gtk-doc' '--disable-gtk-doc-html' '--disable-doc' '--disable-docs' '--disable-documentation' '--with-xmlto=no' '--with-fop=no' '--disable-dependency-tracking' '--enable-ipv6' '--disable-nls' '--disable-static' '--enable-shared' '--disable-demo' '--disable-testsuite' '--includedir=/usr/include/xenomai/' '--with-core=mercury' '--enable-smp' '--disable-registry' 'build_alias=x86_64-pc-linux-gnu' 'host_alias=aarch64-buildroot-linux-gnu' 'target_alias=aarch64-buildroot-linux-gnu' 'CC=/home/czz/work/rk3588/buildroot/output/rockchip_rk3588/host/bin/aarch64-buildroot-linux-gnu-gcc' 'CFLAGS=-D_LARGEFILE_SOURCE -D_LARGEFILE64_SOURCE -D_FILE_OFFSET_BITS=64  -Os -g0 -D_FORTIFY_SOURCE=1' 'LDFLAGS=' 'CPPFLAGS=-D_LARGEFILE_SOURCE -D_LARGEFILE64_SOURCE -D_FILE_OFFSET_BITS=64' 'CPP=/home/czz/work/rk3588/buildroot/output/rockchip_rk3588/host/bin/aarch64-buildroot-linux-gnu-cpp' 'PKG_CONFIG=/home/czz/work/rk3588/buildroot/output/rockchip_rk3588/host/bin/pkg-config'"
#define CONFIG_SMP 1
#define CONFIG_MMU 1
#define CONFIG_XENO_DEFAULT_PERIOD 1000000
#define CONFIG_XENO_HEAPMEM 1
#define CONFIG_XENO_FORTIFY 1
#define CONFIG_XENO_TLS_MODEL "initial-exec"

configure: exit 0
